{"total": {"lines":{"total":675,"covered":6,"skipped":0,"pct":0.88},"statements":{"total":698,"covered":7,"skipped":0,"pct":1},"functions":{"total":95,"covered":1,"skipped":0,"pct":1.05},"branches":{"total":112,"covered":2,"skipped":0,"pct":1.78},"branchesTrue":{"total":0,"covered":0,"skipped":0,"pct":100}}
,"C:\\workspaces\\vtechcom\\hydra-sdk\\apps\\nodejs-playground\\src\\decode-tx.ts": {"lines":{"total":10,"covered":0,"skipped":0,"pct":0},"functions":{"total":1,"covered":0,"skipped":0,"pct":0},"statements":{"total":10,"covered":0,"skipped":0,"pct":0},"branches":{"total":2,"covered":0,"skipped":0,"pct":0}}
,"C:\\workspaces\\vtechcom\\hydra-sdk\\apps\\nodejs-playground\\src\\env.ts": {"lines":{"total":7,"covered":6,"skipped":0,"pct":85.71},"functions":{"total":1,"covered":1,"skipped":0,"pct":100},"statements":{"total":8,"covered":7,"skipped":0,"pct":87.5},"branches":{"total":4,"covered":2,"skipped":0,"pct":50}}
,"C:\\workspaces\\vtechcom\\hydra-sdk\\apps\\nodejs-playground\\src\\environment-test.ts": {"lines":{"total":22,"covered":0,"skipped":0,"pct":0},"functions":{"total":1,"covered":0,"skipped":0,"pct":0},"statements":{"total":22,"covered":0,"skipped":0,"pct":0},"branches":{"total":2,"covered":0,"skipped":0,"pct":0}}
,"C:\\workspaces\\vtechcom\\hydra-sdk\\apps\\nodejs-playground\\src\\index.ts": {"lines":{"total":29,"covered":0,"skipped":0,"pct":0},"functions":{"total":7,"covered":0,"skipped":0,"pct":0},"statements":{"total":29,"covered":0,"skipped":0,"pct":0},"branches":{"total":4,"covered":0,"skipped":0,"pct":0}}
,"C:\\workspaces\\vtechcom\\hydra-sdk\\apps\\nodejs-playground\\src\\mint-burn-token.ts": {"lines":{"total":68,"covered":0,"skipped":0,"pct":0},"functions":{"total":9,"covered":0,"skipped":0,"pct":0},"statements":{"total":70,"covered":0,"skipped":0,"pct":0},"branches":{"total":8,"covered":0,"skipped":0,"pct":0}}
,"C:\\workspaces\\vtechcom\\hydra-sdk\\apps\\nodejs-playground\\src\\preview-tx.ts": {"lines":{"total":31,"covered":0,"skipped":0,"pct":0},"functions":{"total":5,"covered":0,"skipped":0,"pct":0},"statements":{"total":32,"covered":0,"skipped":0,"pct":0},"branches":{"total":8,"covered":0,"skipped":0,"pct":0}}
,"C:\\workspaces\\vtechcom\\hydra-sdk\\apps\\nodejs-playground\\src\\sign-tx-custom.ts": {"lines":{"total":11,"covered":0,"skipped":0,"pct":0},"functions":{"total":1,"covered":0,"skipped":0,"pct":0},"statements":{"total":11,"covered":0,"skipped":0,"pct":0},"branches":{"total":2,"covered":0,"skipped":0,"pct":0}}
,"C:\\workspaces\\vtechcom\\hydra-sdk\\apps\\nodejs-playground\\src\\sign-tx.ts": {"lines":{"total":11,"covered":0,"skipped":0,"pct":0},"functions":{"total":1,"covered":0,"skipped":0,"pct":0},"statements":{"total":11,"covered":0,"skipped":0,"pct":0},"branches":{"total":2,"covered":0,"skipped":0,"pct":0}}
,"C:\\workspaces\\vtechcom\\hydra-sdk\\apps\\nodejs-playground\\src\\__tests__\\utilities\\converter.ts": {"lines":{"total":24,"covered":0,"skipped":0,"pct":0},"functions":{"total":2,"covered":0,"skipped":0,"pct":0},"statements":{"total":26,"covered":0,"skipped":0,"pct":0},"branches":{"total":0,"covered":0,"skipped":0,"pct":100}}
,"C:\\workspaces\\vtechcom\\hydra-sdk\\apps\\nodejs-playground\\src\\contract\\common.ts": {"lines":{"total":45,"covered":0,"skipped":0,"pct":0},"functions":{"total":10,"covered":0,"skipped":0,"pct":0},"statements":{"total":46,"covered":0,"skipped":0,"pct":0},"branches":{"total":4,"covered":0,"skipped":0,"pct":0}}
,"C:\\workspaces\\vtechcom\\hydra-sdk\\apps\\nodejs-playground\\src\\contract\\hydra-build-tx.ts": {"lines":{"total":17,"covered":0,"skipped":0,"pct":0},"functions":{"total":3,"covered":0,"skipped":0,"pct":0},"statements":{"total":18,"covered":0,"skipped":0,"pct":0},"branches":{"total":6,"covered":0,"skipped":0,"pct":0}}
,"C:\\workspaces\\vtechcom\\hydra-sdk\\apps\\nodejs-playground\\src\\contract\\hydra-lock.ts": {"lines":{"total":30,"covered":0,"skipped":0,"pct":0},"functions":{"total":1,"covered":0,"skipped":0,"pct":0},"statements":{"total":30,"covered":0,"skipped":0,"pct":0},"branches":{"total":0,"covered":0,"skipped":0,"pct":100}}
,"C:\\workspaces\\vtechcom\\hydra-sdk\\apps\\nodejs-playground\\src\\contract\\hydra-unlock.ts": {"lines":{"total":49,"covered":0,"skipped":0,"pct":0},"functions":{"total":9,"covered":0,"skipped":0,"pct":0},"statements":{"total":52,"covered":0,"skipped":0,"pct":0},"branches":{"total":14,"covered":0,"skipped":0,"pct":0}}
,"C:\\workspaces\\vtechcom\\hydra-sdk\\apps\\nodejs-playground\\src\\contract\\lock.ts": {"lines":{"total":32,"covered":0,"skipped":0,"pct":0},"functions":{"total":1,"covered":0,"skipped":0,"pct":0},"statements":{"total":32,"covered":0,"skipped":0,"pct":0},"branches":{"total":0,"covered":0,"skipped":0,"pct":100}}
,"C:\\workspaces\\vtechcom\\hydra-sdk\\apps\\nodejs-playground\\src\\contract\\unlock-multiple.ts": {"lines":{"total":55,"covered":0,"skipped":0,"pct":0},"functions":{"total":12,"covered":0,"skipped":0,"pct":0},"statements":{"total":59,"covered":0,"skipped":0,"pct":0},"branches":{"total":12,"covered":0,"skipped":0,"pct":0}}
,"C:\\workspaces\\vtechcom\\hydra-sdk\\apps\\nodejs-playground\\src\\contract\\unlock.ts": {"lines":{"total":47,"covered":0,"skipped":0,"pct":0},"functions":{"total":9,"covered":0,"skipped":0,"pct":0},"statements":{"total":50,"covered":0,"skipped":0,"pct":0},"branches":{"total":10,"covered":0,"skipped":0,"pct":0}}
,"C:\\workspaces\\vtechcom\\hydra-sdk\\apps\\nodejs-playground\\src\\examples\\wallet-with-blockfrost.ts": {"lines":{"total":18,"covered":0,"skipped":0,"pct":0},"functions":{"total":1,"covered":0,"skipped":0,"pct":0},"statements":{"total":18,"covered":0,"skipped":0,"pct":0},"branches":{"total":0,"covered":0,"skipped":0,"pct":100}}
,"C:\\workspaces\\vtechcom\\hydra-sdk\\apps\\nodejs-playground\\src\\examples\\wallet-with-ogmios.ts": {"lines":{"total":20,"covered":0,"skipped":0,"pct":0},"functions":{"total":1,"covered":0,"skipped":0,"pct":0},"statements":{"total":20,"covered":0,"skipped":0,"pct":0},"branches":{"total":0,"covered":0,"skipped":0,"pct":100}}
,"C:\\workspaces\\vtechcom\\hydra-sdk\\apps\\nodejs-playground\\src\\hydra\\build-tx.ts": {"lines":{"total":19,"covered":0,"skipped":0,"pct":0},"functions":{"total":1,"covered":0,"skipped":0,"pct":0},"statements":{"total":19,"covered":0,"skipped":0,"pct":0},"branches":{"total":2,"covered":0,"skipped":0,"pct":0}}
,"C:\\workspaces\\vtechcom\\hydra-sdk\\apps\\nodejs-playground\\src\\hydra\\cardano-query-utxo.ts": {"lines":{"total":27,"covered":0,"skipped":0,"pct":0},"functions":{"total":5,"covered":0,"skipped":0,"pct":0},"statements":{"total":28,"covered":0,"skipped":0,"pct":0},"branches":{"total":14,"covered":0,"skipped":0,"pct":0}}
,"C:\\workspaces\\vtechcom\\hydra-sdk\\apps\\nodejs-playground\\src\\hydra\\common.ts": {"lines":{"total":25,"covered":0,"skipped":0,"pct":0},"functions":{"total":4,"covered":0,"skipped":0,"pct":0},"statements":{"total":26,"covered":0,"skipped":0,"pct":0},"branches":{"total":2,"covered":0,"skipped":0,"pct":0}}
,"C:\\workspaces\\vtechcom\\hydra-sdk\\apps\\nodejs-playground\\src\\hydra\\decommit.ts": {"lines":{"total":20,"covered":0,"skipped":0,"pct":0},"functions":{"total":1,"covered":0,"skipped":0,"pct":0},"statements":{"total":20,"covered":0,"skipped":0,"pct":0},"branches":{"total":2,"covered":0,"skipped":0,"pct":0}}
,"C:\\workspaces\\vtechcom\\hydra-sdk\\apps\\nodejs-playground\\src\\hydra\\empty-commit.ts": {"lines":{"total":7,"covered":0,"skipped":0,"pct":0},"functions":{"total":1,"covered":0,"skipped":0,"pct":0},"statements":{"total":7,"covered":0,"skipped":0,"pct":0},"branches":{"total":2,"covered":0,"skipped":0,"pct":0}}
,"C:\\workspaces\\vtechcom\\hydra-sdk\\apps\\nodejs-playground\\src\\hydra\\partial-commit.ts": {"lines":{"total":30,"covered":0,"skipped":0,"pct":0},"functions":{"total":5,"covered":0,"skipped":0,"pct":0},"statements":{"total":33,"covered":0,"skipped":0,"pct":0},"branches":{"total":10,"covered":0,"skipped":0,"pct":0}}
,"C:\\workspaces\\vtechcom\\hydra-sdk\\apps\\nodejs-playground\\src\\hydra\\sign-tx.ts": {"lines":{"total":10,"covered":0,"skipped":0,"pct":0},"functions":{"total":1,"covered":0,"skipped":0,"pct":0},"statements":{"total":10,"covered":0,"skipped":0,"pct":0},"branches":{"total":2,"covered":0,"skipped":0,"pct":0}}
,"C:\\workspaces\\vtechcom\\hydra-sdk\\apps\\nodejs-playground\\src\\key-mgmt\\gen-fund-key.ts": {"lines":{"total":11,"covered":0,"skipped":0,"pct":0},"functions":{"total":2,"covered":0,"skipped":0,"pct":0},"statements":{"total":11,"covered":0,"skipped":0,"pct":0},"branches":{"total":0,"covered":0,"skipped":0,"pct":100}}
}
