{"total": {"lines":{"total":1273,"covered":1125,"skipped":0,"pct":88.37},"statements":{"total":1336,"covered":1170,"skipped":0,"pct":87.57},"functions":{"total":275,"covered":248,"skipped":0,"pct":90.18},"branches":{"total":770,"covered":629,"skipped":0,"pct":81.68},"branchesTrue":{"total":0,"covered":0,"skipped":0,"pct":100}}
,"/home/runner/work/hydra-sdk/hydra-sdk/packages/core/src/cardanocli-wallet.ts": {"lines":{"total":23,"covered":23,"skipped":0,"pct":100},"functions":{"total":8,"covered":8,"skipped":0,"pct":100},"statements":{"total":25,"covered":25,"skipped":0,"pct":100},"branches":{"total":12,"covered":12,"skipped":0,"pct":100}}
,"/home/runner/work/hydra-sdk/hydra-sdk/packages/core/src/embedded.ts": {"lines":{"total":53,"covered":43,"skipped":0,"pct":81.13},"functions":{"total":14,"covered":12,"skipped":0,"pct":85.71},"statements":{"total":56,"covered":43,"skipped":0,"pct":76.78},"branches":{"total":25,"covered":19,"skipped":0,"pct":76}}
,"/home/runner/work/hydra-sdk/hydra-sdk/packages/core/src/wallet.ts": {"lines":{"total":39,"covered":37,"skipped":0,"pct":94.87},"functions":{"total":16,"covered":16,"skipped":0,"pct":100},"statements":{"total":42,"covered":40,"skipped":0,"pct":95.23},"branches":{"total":26,"covered":26,"skipped":0,"pct":100}}
,"/home/runner/work/hydra-sdk/hydra-sdk/packages/core/src/utils/address.ts": {"lines":{"total":7,"covered":7,"skipped":0,"pct":100},"functions":{"total":1,"covered":1,"skipped":0,"pct":100},"statements":{"total":7,"covered":7,"skipped":0,"pct":100},"branches":{"total":4,"covered":3,"skipped":0,"pct":75}}
,"/home/runner/work/hydra-sdk/hydra-sdk/packages/core/src/utils/cbor.ts": {"lines":{"total":8,"covered":8,"skipped":0,"pct":100},"functions":{"total":1,"covered":1,"skipped":0,"pct":100},"statements":{"total":8,"covered":8,"skipped":0,"pct":100},"branches":{"total":0,"covered":0,"skipped":0,"pct":100}}
,"/home/runner/work/hydra-sdk/hydra-sdk/packages/core/src/utils/cost-models.ts": {"lines":{"total":17,"covered":16,"skipped":0,"pct":94.11},"functions":{"total":4,"covered":4,"skipped":0,"pct":100},"statements":{"total":17,"covered":16,"skipped":0,"pct":94.11},"branches":{"total":17,"covered":14,"skipped":0,"pct":82.35}}
,"/home/runner/work/hydra-sdk/hydra-sdk/packages/core/src/utils/datum.ts": {"lines":{"total":17,"covered":14,"skipped":0,"pct":82.35},"functions":{"total":8,"covered":6,"skipped":0,"pct":75},"statements":{"total":21,"covered":17,"skipped":0,"pct":80.95},"branches":{"total":2,"covered":2,"skipped":0,"pct":100}}
,"/home/runner/work/hydra-sdk/hydra-sdk/packages/core/src/utils/keys.util.ts": {"lines":{"total":26,"covered":26,"skipped":0,"pct":100},"functions":{"total":4,"covered":4,"skipped":0,"pct":100},"statements":{"total":26,"covered":26,"skipped":0,"pct":100},"branches":{"total":2,"covered":2,"skipped":0,"pct":100}}
,"/home/runner/work/hydra-sdk/hydra-sdk/packages/core/src/utils/metadata.ts": {"lines":{"total":35,"covered":32,"skipped":0,"pct":91.42},"functions":{"total":5,"covered":5,"skipped":0,"pct":100},"statements":{"total":36,"covered":33,"skipped":0,"pct":91.66},"branches":{"total":24,"covered":19,"skipped":0,"pct":79.16}}
,"/home/runner/work/hydra-sdk/hydra-sdk/packages/core/src/utils/parser.ts": {"lines":{"total":45,"covered":37,"skipped":0,"pct":82.22},"functions":{"total":11,"covered":8,"skipped":0,"pct":72.72},"statements":{"total":55,"covered":44,"skipped":0,"pct":80},"branches":{"total":36,"covered":25,"skipped":0,"pct":69.44}}
,"/home/runner/work/hydra-sdk/hydra-sdk/packages/core/src/utils/plutus-script.util.ts": {"lines":{"total":20,"covered":13,"skipped":0,"pct":65},"functions":{"total":5,"covered":5,"skipped":0,"pct":100},"statements":{"total":20,"covered":13,"skipped":0,"pct":65},"branches":{"total":7,"covered":2,"skipped":0,"pct":28.57}}
,"/home/runner/work/hydra-sdk/hydra-sdk/packages/core/src/utils/policy.ts": {"lines":{"total":21,"covered":19,"skipped":0,"pct":90.47},"functions":{"total":4,"covered":4,"skipped":0,"pct":100},"statements":{"total":21,"covered":19,"skipped":0,"pct":90.47},"branches":{"total":8,"covered":4,"skipped":0,"pct":50}}
,"/home/runner/work/hydra-sdk/hydra-sdk/packages/core/src/utils/time.ts": {"lines":{"total":16,"covered":16,"skipped":0,"pct":100},"functions":{"total":5,"covered":5,"skipped":0,"pct":100},"statements":{"total":16,"covered":16,"skipped":0,"pct":100},"branches":{"total":10,"covered":10,"skipped":0,"pct":100}}
,"/home/runner/work/hydra-sdk/hydra-sdk/packages/core/src/utils/validator.util.ts": {"lines":{"total":22,"covered":22,"skipped":0,"pct":100},"functions":{"total":2,"covered":2,"skipped":0,"pct":100},"statements":{"total":25,"covered":24,"skipped":0,"pct":96},"branches":{"total":17,"covered":15,"skipped":0,"pct":88.23}}
,"/home/runner/work/hydra-sdk/hydra-sdk/packages/core/src/utils/cardano-wasm/build-keys.ts": {"lines":{"total":44,"covered":42,"skipped":0,"pct":95.45},"functions":{"total":11,"covered":10,"skipped":0,"pct":90.9},"statements":{"total":47,"covered":45,"skipped":0,"pct":95.74},"branches":{"total":16,"covered":13,"skipped":0,"pct":81.25}}
,"/home/runner/work/hydra-sdk/hydra-sdk/packages/core/src/utils/cardano-wasm/converter.ts": {"lines":{"total":116,"covered":97,"skipped":0,"pct":83.62},"functions":{"total":7,"covered":7,"skipped":0,"pct":100},"statements":{"total":125,"covered":103,"skipped":0,"pct":82.4},"branches":{"total":69,"covered":48,"skipped":0,"pct":69.56}}
,"/home/runner/work/hydra-sdk/hydra-sdk/packages/core/src/utils/cardano-wasm/deserializer.ts": {"lines":{"total":80,"covered":61,"skipped":0,"pct":76.25},"functions":{"total":8,"covered":6,"skipped":0,"pct":75},"statements":{"total":84,"covered":61,"skipped":0,"pct":72.61},"branches":{"total":62,"covered":44,"skipped":0,"pct":70.96}}
,"/home/runner/work/hydra-sdk/hydra-sdk/packages/core/src/utils/cardano-wasm/resolver.ts": {"lines":{"total":8,"covered":8,"skipped":0,"pct":100},"functions":{"total":2,"covered":2,"skipped":0,"pct":100},"statements":{"total":8,"covered":8,"skipped":0,"pct":100},"branches":{"total":0,"covered":0,"skipped":0,"pct":100}}
,"/home/runner/work/hydra-sdk/hydra-sdk/packages/core/src/utils/cardano-wasm/serializer.ts": {"lines":{"total":2,"covered":2,"skipped":0,"pct":100},"functions":{"total":1,"covered":1,"skipped":0,"pct":100},"statements":{"total":2,"covered":2,"skipped":0,"pct":100},"branches":{"total":0,"covered":0,"skipped":0,"pct":100}}
,"/home/runner/work/hydra-sdk/hydra-sdk/packages/core/src/utils/providers/base.ts": {"lines":{"total":0,"covered":0,"skipped":0,"pct":0},"functions":{"total":0,"covered":0,"skipped":0,"pct":0},"statements":{"total":0,"covered":0,"skipped":0,"pct":0},"branches":{"total":0,"covered":0,"skipped":0,"pct":0}}
,"/home/runner/work/hydra-sdk/hydra-sdk/packages/core/src/utils/providers/blockfrost.provider.ts": {"lines":{"total":41,"covered":40,"skipped":0,"pct":97.56},"functions":{"total":9,"covered":9,"skipped":0,"pct":100},"statements":{"total":42,"covered":41,"skipped":0,"pct":97.61},"branches":{"total":32,"covered":31,"skipped":0,"pct":96.87}}
,"/home/runner/work/hydra-sdk/hydra-sdk/packages/core/src/utils/providers/demeter.provider.ts": {"lines":{"total":2,"covered":2,"skipped":0,"pct":100},"functions":{"total":1,"covered":1,"skipped":0,"pct":100},"statements":{"total":2,"covered":2,"skipped":0,"pct":100},"branches":{"total":2,"covered":2,"skipped":0,"pct":100}}
,"/home/runner/work/hydra-sdk/hydra-sdk/packages/core/src/utils/providers/ogmios.provider.ts": {"lines":{"total":45,"covered":42,"skipped":0,"pct":93.33},"functions":{"total":16,"covered":14,"skipped":0,"pct":87.5},"statements":{"total":49,"covered":46,"skipped":0,"pct":93.87},"branches":{"total":20,"covered":19,"skipped":0,"pct":95}}
,"/home/runner/work/hydra-sdk/hydra-sdk/packages/hydra-bridge/src/bridge.ts": {"lines":{"total":173,"covered":158,"skipped":0,"pct":91.32},"functions":{"total":47,"covered":44,"skipped":0,"pct":93.61},"statements":{"total":180,"covered":163,"skipped":0,"pct":90.55},"branches":{"total":111,"covered":79,"skipped":0,"pct":71.17}}
,"/home/runner/work/hydra-sdk/hydra-sdk/packages/hydra-bridge/src/connector/hexcore.ts": {"lines":{"total":65,"covered":56,"skipped":0,"pct":86.15},"functions":{"total":20,"covered":16,"skipped":0,"pct":80},"statements":{"total":65,"covered":56,"skipped":0,"pct":86.15},"branches":{"total":28,"covered":26,"skipped":0,"pct":92.85}}
,"/home/runner/work/hydra-sdk/hydra-sdk/packages/hydra-bridge/src/connector/websocket.ts": {"lines":{"total":109,"covered":76,"skipped":0,"pct":69.72},"functions":{"total":25,"covered":19,"skipped":0,"pct":76},"statements":{"total":109,"covered":76,"skipped":0,"pct":69.72},"branches":{"total":63,"covered":48,"skipped":0,"pct":76.19}}
,"/home/runner/work/hydra-sdk/hydra-sdk/packages/hydra-bridge/src/utils/await-hydra-message.ts": {"lines":{"total":14,"covered":14,"skipped":0,"pct":100},"functions":{"total":8,"covered":8,"skipped":0,"pct":100},"statements":{"total":18,"covered":18,"skipped":0,"pct":100},"branches":{"total":6,"covered":6,"skipped":0,"pct":100}}
,"/home/runner/work/hydra-sdk/hydra-sdk/packages/hydra-bridge/src/utils/haskell-deserialize.ts": {"lines":{"total":63,"covered":63,"skipped":0,"pct":100},"functions":{"total":4,"covered":4,"skipped":0,"pct":100},"statements":{"total":64,"covered":64,"skipped":0,"pct":100},"branches":{"total":34,"covered":32,"skipped":0,"pct":94.11}}
,"/home/runner/work/hydra-sdk/hydra-sdk/packages/hydra-bridge/src/utils/url-builder.ts": {"lines":{"total":9,"covered":9,"skipped":0,"pct":100},"functions":{"total":2,"covered":2,"skipped":0,"pct":100},"statements":{"total":9,"covered":9,"skipped":0,"pct":100},"branches":{"total":11,"covered":11,"skipped":0,"pct":100}}
,"/home/runner/work/hydra-sdk/hydra-sdk/packages/hydra-bridge/src/utils/url-parser.ts": {"lines":{"total":18,"covered":17,"skipped":0,"pct":94.44},"functions":{"total":1,"covered":1,"skipped":0,"pct":100},"statements":{"total":18,"covered":17,"skipped":0,"pct":94.44},"branches":{"total":14,"covered":12,"skipped":0,"pct":85.71}}
,"/home/runner/work/hydra-sdk/hydra-sdk/packages/hydra-transaction/src/utils/bigint.utils.ts": {"lines":{"total":67,"covered":64,"skipped":0,"pct":95.52},"functions":{"total":15,"covered":14,"skipped":0,"pct":93.33},"statements":{"total":70,"covered":67,"skipped":0,"pct":95.71},"branches":{"total":61,"covered":59,"skipped":0,"pct":96.72}}
,"/home/runner/work/hydra-sdk/hydra-sdk/packages/hydra-transaction/src/utils/datum-builder.ts": {"lines":{"total":2,"covered":2,"skipped":0,"pct":100},"functions":{"total":1,"covered":1,"skipped":0,"pct":100},"statements":{"total":2,"covered":2,"skipped":0,"pct":100},"branches":{"total":0,"covered":0,"skipped":0,"pct":100}}
,"/home/runner/work/hydra-sdk/hydra-sdk/packages/hydra-transaction/src/utils/metadata.ts": {"lines":{"total":30,"covered":23,"skipped":0,"pct":76.66},"functions":{"total":5,"covered":4,"skipped":0,"pct":80},"statements":{"total":31,"covered":23,"skipped":0,"pct":74.19},"branches":{"total":20,"covered":15,"skipped":0,"pct":75}}
,"/home/runner/work/hydra-sdk/hydra-sdk/packages/hydra-transaction/src/utils/redeemer-builder.ts": {"lines":{"total":36,"covered":36,"skipped":0,"pct":100},"functions":{"total":4,"covered":4,"skipped":0,"pct":100},"statements":{"total":36,"covered":36,"skipped":0,"pct":100},"branches":{"total":31,"covered":31,"skipped":0,"pct":100}}
}
