{"total": {"lines":{"total":2208,"covered":2038,"skipped":0,"pct":92.3},"statements":{"total":2208,"covered":2038,"skipped":0,"pct":92.3},"functions":{"total":219,"covered":209,"skipped":0,"pct":95.43},"branches":{"total":745,"covered":655,"skipped":0,"pct":87.91},"branchesTrue":{"total":0,"covered":0,"skipped":0,"pct":100}}
,"/home/runner/work/hydra-sdk/hydra-sdk/packages/core/src/cardanocli-wallet.ts": {"lines":{"total":50,"covered":49,"skipped":0,"pct":98},"functions":{"total":9,"covered":9,"skipped":0,"pct":100},"statements":{"total":50,"covered":49,"skipped":0,"pct":98},"branches":{"total":20,"covered":19,"skipped":0,"pct":95}}
,"/home/runner/work/hydra-sdk/hydra-sdk/packages/core/src/embedded.ts": {"lines":{"total":120,"covered":119,"skipped":0,"pct":99.16},"functions":{"total":13,"covered":13,"skipped":0,"pct":100},"statements":{"total":120,"covered":119,"skipped":0,"pct":99.16},"branches":{"total":26,"covered":23,"skipped":0,"pct":88.46}}
,"/home/runner/work/hydra-sdk/hydra-sdk/packages/core/src/wallet.ts": {"lines":{"total":101,"covered":96,"skipped":0,"pct":95.04},"functions":{"total":15,"covered":15,"skipped":0,"pct":100},"statements":{"total":101,"covered":96,"skipped":0,"pct":95.04},"branches":{"total":32,"covered":29,"skipped":0,"pct":90.62}}
,"/home/runner/work/hydra-sdk/hydra-sdk/packages/core/src/utils/address.ts": {"lines":{"total":14,"covered":13,"skipped":0,"pct":92.85},"functions":{"total":2,"covered":2,"skipped":0,"pct":100},"statements":{"total":14,"covered":13,"skipped":0,"pct":92.85},"branches":{"total":9,"covered":7,"skipped":0,"pct":77.77}}
,"/home/runner/work/hydra-sdk/hydra-sdk/packages/core/src/utils/cost-models.ts": {"lines":{"total":37,"covered":34,"skipped":0,"pct":91.89},"functions":{"total":2,"covered":1,"skipped":0,"pct":50},"statements":{"total":37,"covered":34,"skipped":0,"pct":91.89},"branches":{"total":7,"covered":4,"skipped":0,"pct":57.14}}
,"/home/runner/work/hydra-sdk/hydra-sdk/packages/core/src/utils/datum.ts": {"lines":{"total":24,"covered":23,"skipped":0,"pct":95.83},"functions":{"total":5,"covered":5,"skipped":0,"pct":100},"statements":{"total":24,"covered":23,"skipped":0,"pct":95.83},"branches":{"total":10,"covered":9,"skipped":0,"pct":90}}
,"/home/runner/work/hydra-sdk/hydra-sdk/packages/core/src/utils/keys.util.ts": {"lines":{"total":50,"covered":49,"skipped":0,"pct":98},"functions":{"total":4,"covered":4,"skipped":0,"pct":100},"statements":{"total":50,"covered":49,"skipped":0,"pct":98},"branches":{"total":5,"covered":4,"skipped":0,"pct":80}}
,"/home/runner/work/hydra-sdk/hydra-sdk/packages/core/src/utils/metadata.ts": {"lines":{"total":34,"covered":33,"skipped":0,"pct":97.05},"functions":{"total":2,"covered":2,"skipped":0,"pct":100},"statements":{"total":34,"covered":33,"skipped":0,"pct":97.05},"branches":{"total":21,"covered":20,"skipped":0,"pct":95.23}}
,"/home/runner/work/hydra-sdk/hydra-sdk/packages/core/src/utils/parser.ts": {"lines":{"total":21,"covered":14,"skipped":0,"pct":66.66},"functions":{"total":8,"covered":5,"skipped":0,"pct":62.5},"statements":{"total":21,"covered":14,"skipped":0,"pct":66.66},"branches":{"total":11,"covered":8,"skipped":0,"pct":72.72}}
,"/home/runner/work/hydra-sdk/hydra-sdk/packages/core/src/utils/policy.ts": {"lines":{"total":28,"covered":23,"skipped":0,"pct":82.14},"functions":{"total":5,"covered":5,"skipped":0,"pct":100},"statements":{"total":28,"covered":23,"skipped":0,"pct":82.14},"branches":{"total":14,"covered":9,"skipped":0,"pct":64.28}}
,"/home/runner/work/hydra-sdk/hydra-sdk/packages/core/src/utils/time.ts": {"lines":{"total":32,"covered":31,"skipped":0,"pct":96.87},"functions":{"total":6,"covered":6,"skipped":0,"pct":100},"statements":{"total":32,"covered":31,"skipped":0,"pct":96.87},"branches":{"total":15,"covered":14,"skipped":0,"pct":93.33}}
,"/home/runner/work/hydra-sdk/hydra-sdk/packages/core/src/utils/validator.util.ts": {"lines":{"total":34,"covered":33,"skipped":0,"pct":97.05},"functions":{"total":3,"covered":3,"skipped":0,"pct":100},"statements":{"total":34,"covered":33,"skipped":0,"pct":97.05},"branches":{"total":23,"covered":20,"skipped":0,"pct":86.95}}
,"/home/runner/work/hydra-sdk/hydra-sdk/packages/core/src/utils/cardano-wasm/build-keys.ts": {"lines":{"total":89,"covered":82,"skipped":0,"pct":92.13},"functions":{"total":9,"covered":8,"skipped":0,"pct":88.88},"statements":{"total":89,"covered":82,"skipped":0,"pct":92.13},"branches":{"total":16,"covered":15,"skipped":0,"pct":93.75}}
,"/home/runner/work/hydra-sdk/hydra-sdk/packages/core/src/utils/cardano-wasm/converter.ts": {"lines":{"total":181,"covered":146,"skipped":0,"pct":80.66},"functions":{"total":4,"covered":4,"skipped":0,"pct":100},"statements":{"total":181,"covered":146,"skipped":0,"pct":80.66},"branches":{"total":47,"covered":39,"skipped":0,"pct":82.97}}
,"/home/runner/work/hydra-sdk/hydra-sdk/packages/core/src/utils/cardano-wasm/deserializer.ts": {"lines":{"total":107,"covered":102,"skipped":0,"pct":95.32},"functions":{"total":7,"covered":7,"skipped":0,"pct":100},"statements":{"total":107,"covered":102,"skipped":0,"pct":95.32},"branches":{"total":39,"covered":29,"skipped":0,"pct":74.35}}
,"/home/runner/work/hydra-sdk/hydra-sdk/packages/core/src/utils/cardano-wasm/resolver.ts": {"lines":{"total":8,"covered":7,"skipped":0,"pct":87.5},"functions":{"total":3,"covered":3,"skipped":0,"pct":100},"statements":{"total":8,"covered":7,"skipped":0,"pct":87.5},"branches":{"total":4,"covered":3,"skipped":0,"pct":75}}
,"/home/runner/work/hydra-sdk/hydra-sdk/packages/core/src/utils/cardano-wasm/serializer.ts": {"lines":{"total":3,"covered":3,"skipped":0,"pct":100},"functions":{"total":2,"covered":2,"skipped":0,"pct":100},"statements":{"total":3,"covered":3,"skipped":0,"pct":100},"branches":{"total":3,"covered":2,"skipped":0,"pct":66.66}}
,"/home/runner/work/hydra-sdk/hydra-sdk/packages/core/src/utils/providers/base.ts": {"lines":{"total":3,"covered":2,"skipped":0,"pct":66.66},"functions":{"total":1,"covered":1,"skipped":0,"pct":100},"statements":{"total":3,"covered":2,"skipped":0,"pct":66.66},"branches":{"total":2,"covered":1,"skipped":0,"pct":50}}
,"/home/runner/work/hydra-sdk/hydra-sdk/packages/core/src/utils/providers/blockfrost.provider.ts": {"lines":{"total":99,"covered":97,"skipped":0,"pct":97.97},"functions":{"total":8,"covered":8,"skipped":0,"pct":100},"statements":{"total":99,"covered":97,"skipped":0,"pct":97.97},"branches":{"total":35,"covered":33,"skipped":0,"pct":94.28}}
,"/home/runner/work/hydra-sdk/hydra-sdk/packages/core/src/utils/providers/ogmios.provider.ts": {"lines":{"total":114,"covered":110,"skipped":0,"pct":96.49},"functions":{"total":10,"covered":10,"skipped":0,"pct":100},"statements":{"total":114,"covered":110,"skipped":0,"pct":96.49},"branches":{"total":40,"covered":36,"skipped":0,"pct":90}}
,"/home/runner/work/hydra-sdk/hydra-sdk/packages/hydra-bridge/src/bridge.ts": {"lines":{"total":232,"covered":228,"skipped":0,"pct":98.27},"functions":{"total":34,"covered":34,"skipped":0,"pct":100},"statements":{"total":232,"covered":228,"skipped":0,"pct":98.27},"branches":{"total":68,"covered":57,"skipped":0,"pct":83.82}}
,"/home/runner/work/hydra-sdk/hydra-sdk/packages/hydra-bridge/src/connector/hexcore.ts": {"lines":{"total":158,"covered":150,"skipped":0,"pct":94.93},"functions":{"total":14,"covered":14,"skipped":0,"pct":100},"statements":{"total":158,"covered":150,"skipped":0,"pct":94.93},"branches":{"total":50,"covered":45,"skipped":0,"pct":90}}
,"/home/runner/work/hydra-sdk/hydra-sdk/packages/hydra-bridge/src/connector/websocket.ts": {"lines":{"total":239,"covered":195,"skipped":0,"pct":81.58},"functions":{"total":22,"covered":19,"skipped":0,"pct":86.36},"statements":{"total":239,"covered":195,"skipped":0,"pct":81.58},"branches":{"total":60,"covered":54,"skipped":0,"pct":90}}
,"/home/runner/work/hydra-sdk/hydra-sdk/packages/hydra-bridge/src/utils/haskell-deserialize.ts": {"lines":{"total":103,"covered":103,"skipped":0,"pct":100},"functions":{"total":4,"covered":4,"skipped":0,"pct":100},"statements":{"total":103,"covered":103,"skipped":0,"pct":100},"branches":{"total":33,"covered":30,"skipped":0,"pct":90.9}}
,"/home/runner/work/hydra-sdk/hydra-sdk/packages/hydra-bridge/src/utils/url-builder.ts": {"lines":{"total":20,"covered":20,"skipped":0,"pct":100},"functions":{"total":2,"covered":2,"skipped":0,"pct":100},"statements":{"total":20,"covered":20,"skipped":0,"pct":100},"branches":{"total":8,"covered":7,"skipped":0,"pct":87.5}}
,"/home/runner/work/hydra-sdk/hydra-sdk/packages/hydra-bridge/src/utils/url-parser.ts": {"lines":{"total":40,"covered":37,"skipped":0,"pct":92.5},"functions":{"total":2,"covered":2,"skipped":0,"pct":100},"statements":{"total":40,"covered":37,"skipped":0,"pct":92.5},"branches":{"total":15,"covered":12,"skipped":0,"pct":80}}
,"/home/runner/work/hydra-sdk/hydra-sdk/packages/hydra-transaction/src/utils/bigint.utils.ts": {"lines":{"total":138,"covered":125,"skipped":0,"pct":90.57},"functions":{"total":14,"covered":13,"skipped":0,"pct":92.85},"statements":{"total":138,"covered":125,"skipped":0,"pct":90.57},"branches":{"total":66,"covered":64,"skipped":0,"pct":96.96}}
,"/home/runner/work/hydra-sdk/hydra-sdk/packages/hydra-transaction/src/utils/datum-builder.ts": {"lines":{"total":5,"covered":4,"skipped":0,"pct":80},"functions":{"total":2,"covered":2,"skipped":0,"pct":100},"statements":{"total":5,"covered":4,"skipped":0,"pct":80},"branches":{"total":3,"covered":2,"skipped":0,"pct":66.66}}
,"/home/runner/work/hydra-sdk/hydra-sdk/packages/hydra-transaction/src/utils/metadata.ts": {"lines":{"total":45,"covered":32,"skipped":0,"pct":71.11},"functions":{"total":3,"covered":2,"skipped":0,"pct":66.66},"statements":{"total":45,"covered":32,"skipped":0,"pct":71.11},"branches":{"total":21,"covered":19,"skipped":0,"pct":90.47}}
,"/home/runner/work/hydra-sdk/hydra-sdk/packages/hydra-transaction/src/utils/redeemer-builder.ts": {"lines":{"total":79,"covered":78,"skipped":0,"pct":98.73},"functions":{"total":4,"covered":4,"skipped":0,"pct":100},"statements":{"total":79,"covered":78,"skipped":0,"pct":98.73},"branches":{"total":42,"covered":41,"skipped":0,"pct":97.61}}
}
