TN:
SF:packages/core/src/cardanocli-wallet.ts
FN:51,CardanoCliWallet
FN:60,getAddressBech32
FN:69,getNetworkId
FN:73,get paymentSKey
FN:77,get paymentVKey
FN:81,signTx
FN:95,submitTx
FN:100,queryUTxOs
FNF:8
FNH:8
FNDA:38,CardanoCliWallet
FNDA:9,getAddressBech32
FNDA:6,getNetworkId
FNDA:14,get paymentSKey
FNDA:6,get paymentVKey
FNDA:9,signTx
FNDA:3,submitTx
FNDA:4,queryUTxOs
DA:1,1
DA:2,1
DA:3,1
DA:4,1
DA:44,1
DA:51,1
DA:52,38
DA:53,38
DA:54,38
DA:55,38
DA:56,38
DA:57,38
DA:58,38
DA:60,1
DA:61,9
DA:62,9
DA:63,9
DA:64,9
DA:65,9
DA:66,9
DA:67,9
DA:69,1
DA:70,6
DA:71,6
DA:73,1
DA:74,14
DA:75,14
DA:77,1
DA:78,6
DA:79,6
DA:81,1
DA:82,9
DA:83,9
DA:85,9
DA:86,9
DA:88,7
DA:89,7
DA:90,9
DA:91,2
DA:92,2
DA:93,9
DA:95,1
DA:96,3
DA:97,2
DA:98,3
DA:100,1
DA:101,4
DA:102,3
DA:103,4
DA:104,1
LF:50
LH:50
BRDA:51,0,0,38
BRDA:53,1,0,22
BRDA:60,2,0,9
BRDA:69,3,0,6
BRDA:73,4,0,14
BRDA:77,5,0,6
BRDA:81,6,0,9
BRDA:85,7,0,6
BRDA:85,8,0,1
BRDA:86,9,0,1
BRDA:86,10,0,7
BRDA:90,11,0,2
BRDA:95,12,0,3
BRDA:96,13,0,1
BRDA:96,14,0,2
BRDA:100,15,0,4
BRDA:101,16,0,1
BRDA:101,17,0,3
BRF:18
BRH:18
end_of_record
TN:
SF:packages/core/src/embedded.ts
FN:16,privateKeyBech32ToPrivateKeyHex
FN:22,mnemonicToPrivateKeyHex
FN:28,privateKeyHexToBech32
FN:33,signingKeyToHexes
FN:40,bip32BytesToPrivateKeyHex
FN:45,getAddresses
FN:71,generateMnemonic
FN:157,EmbeddedWallet
FN:180,getPrivateKeyHex
FN:185,getAccount
FN:230,getNetworkId
FN:242,signTx
FNF:12
FNH:12
FNDA:6,privateKeyBech32ToPrivateKeyHex
FNDA:91,mnemonicToPrivateKeyHex
FNDA:8,privateKeyHexToBech32
FNDA:8,signingKeyToHexes
FNDA:2,bip32BytesToPrivateKeyHex
FNDA:59,getAddresses
FNDA:14,generateMnemonic
FNDA:70,EmbeddedWallet
FNDA:7,getPrivateKeyHex
FNDA:57,getAccount
FNDA:7,getNetworkId
FNDA:8,signTx
DA:2,1
DA:3,1
DA:4,1
DA:5,1
DA:12,1
DA:13,1
DA:15,1
DA:16,1
DA:17,6
DA:18,6
DA:19,6
DA:20,6
DA:22,1
DA:23,91
DA:24,91
DA:25,91
DA:26,91
DA:28,1
DA:29,8
DA:30,8
DA:31,8
DA:33,1
DA:34,8
DA:35,8
DA:36,8
DA:37,8
DA:38,8
DA:40,1
DA:41,2
DA:42,2
DA:43,2
DA:45,1
DA:46,59
DA:47,59
DA:48,59
DA:53,59
DA:54,59
DA:55,59
DA:56,59
DA:57,59
DA:58,59
DA:60,59
DA:62,59
DA:64,59
DA:65,59
DA:66,59
DA:67,59
DA:68,59
DA:69,59
DA:71,1
DA:72,14
DA:73,14
DA:74,14
DA:96,1
DA:153,1
DA:157,1
DA:158,70
DA:159,70
DA:161,70
DA:162,70
DA:163,60
DA:164,60
DA:165,70
DA:166,4
DA:167,4
DA:168,70
DA:169,5
DA:170,5
DA:171,5
DA:172,5
DA:173,5
DA:174,70
DA:175,1
DA:176,1
DA:177,70
DA:178,70
DA:180,1
DA:181,7
DA:182,7
DA:183,7
DA:185,1
DA:186,57
DA:188,57
DA:190,57
DA:191,57
DA:192,57
DA:193,57
DA:194,57
DA:196,57
DA:197,57
DA:198,57
DA:199,57
DA:201,57
DA:202,57
DA:203,57
DA:205,57
DA:206,57
DA:208,57
DA:209,57
DA:210,57
DA:211,57
DA:212,57
DA:222,57
DA:223,57
DA:230,1
DA:231,7
DA:232,7
DA:242,1
DA:243,8
DA:244,8
DA:245,8
DA:246,8
DA:247,8
DA:248,8
DA:249,8
DA:250,1
DA:251,1
DA:252,8
DA:280,1
LF:119
LH:119
BRDA:16,0,0,6
BRDA:22,1,0,91
BRDA:28,2,0,8
BRDA:33,3,0,8
BRDA:35,4,0,7
BRDA:35,5,0,1
BRDA:36,6,0,4
BRDA:36,7,0,4
BRDA:40,8,0,2
BRDA:45,9,0,59
BRDA:71,10,0,14
BRDA:157,11,0,70
BRDA:162,12,0,60
BRDA:165,13,0,4
BRDA:168,14,0,5
BRDA:171,15,0,2
BRDA:174,16,0,1
BRDA:180,17,0,7
BRDA:181,18,0,0
BRDA:185,19,0,57
BRDA:186,20,0,0
BRDA:230,21,0,7
BRDA:242,22,0,8
BRDA:249,23,0,1
BRF:24
BRH:22
end_of_record
TN:
SF:packages/core/src/wallet.ts
FN:14,AppWallet
FN:49,getAccount
FN:53,getEnterpriseAddress
FN:58,getPaymentAddress
FN:63,getRewardAddress
FN:68,getNetworkId
FN:72,signTx
FN:87,brew
FN:91,signData
FN:104,signTxs
FN:112,submitTx
FN:117,getFetcher
FN:121,getSubmitter
FN:125,queryUTxOs
FNF:14
FNH:14
FNDA:44,AppWallet
FNDA:3,getAccount
FNDA:6,getEnterpriseAddress
FNDA:10,getPaymentAddress
FNDA:4,getRewardAddress
FNDA:3,getNetworkId
FNDA:16,signTx
FNDA:5,brew
FNDA:1,signData
FNDA:2,signTxs
FNDA:4,submitTx
FNDA:3,getFetcher
FNDA:3,getSubmitter
FNDA:5,queryUTxOs
DA:1,1
DA:7,1
DA:9,1
DA:14,1
DA:15,44
DA:16,44
DA:18,44
DA:19,44
DA:20,40
DA:21,40
DA:22,40
DA:23,40
DA:24,40
DA:25,40
DA:26,40
DA:27,40
DA:28,44
DA:29,2
DA:30,2
DA:31,2
DA:32,2
DA:33,2
DA:34,2
DA:35,2
DA:36,2
DA:37,44
DA:38,2
DA:39,2
DA:40,2
DA:41,2
DA:42,2
DA:43,2
DA:44,2
DA:45,2
DA:46,44
DA:47,44
DA:49,1
DA:50,3
DA:51,3
DA:53,1
DA:54,6
DA:55,6
DA:56,6
DA:58,1
DA:59,10
DA:60,10
DA:61,10
DA:63,1
DA:64,4
DA:65,4
DA:66,4
DA:68,1
DA:69,3
DA:70,3
DA:72,1
DA:73,16
DA:74,16
DA:76,16
DA:77,16
DA:79,14
DA:80,14
DA:81,14
DA:82,16
DA:83,2
DA:84,2
DA:85,16
DA:87,1
DA:88,5
DA:89,5
DA:91,1
DA:92,1
DA:95,1
DA:96,1
DA:97,1
DA:98,1
DA:99,1
DA:100,0
DA:101,0
DA:102,1
DA:104,1
DA:105,2
DA:106,2
DA:107,2
DA:108,0
DA:109,0
DA:110,2
DA:112,1
DA:113,4
DA:114,3
DA:115,4
DA:117,1
DA:118,3
DA:119,3
DA:121,1
DA:122,3
DA:123,3
DA:125,1
DA:126,5
DA:127,4
DA:128,5
DA:129,1
LF:101
LH:97
BRDA:14,0,0,44
BRDA:19,1,0,40
BRDA:28,2,0,2
BRDA:37,3,0,2
BRDA:49,4,0,3
BRDA:53,5,0,6
BRDA:58,6,0,10
BRDA:63,7,0,4
BRDA:68,8,0,3
BRDA:72,9,0,16
BRDA:76,10,0,12
BRDA:76,11,0,1
BRDA:77,12,0,1
BRDA:77,13,0,14
BRDA:82,14,0,2
BRDA:87,15,0,5
BRDA:91,16,0,1
BRDA:99,17,0,0
BRDA:96,18,0,1
BRDA:104,19,0,2
BRDA:107,20,0,0
BRDA:106,21,0,3
BRDA:112,22,0,4
BRDA:113,23,0,1
BRDA:113,24,0,3
BRDA:117,25,0,3
BRDA:121,26,0,3
BRDA:125,27,0,5
BRDA:126,28,0,1
BRDA:126,29,0,4
BRF:30
BRH:28
end_of_record
TN:
SF:packages/core/src/utils/address.ts
FN:14,getPubkeyHashFromAddress
FNF:1
FNH:1
FNDA:9,getPubkeyHashFromAddress
DA:1,1
DA:2,1
DA:14,1
DA:15,9
DA:16,9
DA:17,2
DA:18,2
DA:19,7
DA:20,9
DA:21,9
DA:22,9
DA:23,2
DA:24,2
DA:25,9
LF:14
LH:14
BRDA:14,0,0,9
BRDA:16,1,0,2
BRDA:18,2,0,7
BRDA:20,3,0,5
BRDA:20,4,0,5
BRDA:21,5,0,0
BRDA:22,6,0,2
BRF:7
BRH:6
end_of_record
TN:
SF:packages/core/src/utils/cbor.ts
FN:10,applyDoubleCborEncoding
FNF:1
FNH:1
FNDA:2,applyDoubleCborEncoding
DA:6,1
DA:7,1
DA:10,1
DA:11,2
DA:12,2
DA:13,2
DA:14,2
DA:15,2
DA:16,2
DA:17,2
DA:18,2
DA:19,1
DA:20,1
DA:21,2
DA:22,2
LF:15
LH:15
BRDA:10,0,0,2
BRDA:18,1,0,1
BRF:2
BRH:2
end_of_record
TN:
SF:packages/core/src/utils/cost-models.ts
FN:4,buildCostModels
FNF:1
FNH:1
FNDA:15,buildCostModels
DA:1,1
DA:2,1
DA:4,1
DA:5,15
DA:6,15
DA:7,15
DA:8,15
DA:12,15
DA:13,15
DA:14,0
DA:15,0
DA:16,15
DA:17,15
DA:18,15
DA:19,2490
DA:20,15
DA:22,15
DA:23,15
DA:24,15
DA:25,2625
DA:26,15
DA:28,15
DA:29,15
DA:30,15
DA:31,4455
DA:32,15
DA:34,15
DA:35,15
DA:36,15
DA:37,15
DA:38,15
DA:39,15
DA:41,1
DA:42,1
DA:43,1
DA:44,1
DA:45,1
LF:37
LH:35
BRDA:4,0,0,15
BRDA:13,1,0,0
BRDA:13,2,0,0
BRDA:13,3,0,0
BRDA:18,4,0,2490
BRDA:24,5,0,2625
BRDA:30,6,0,4455
BRF:7
BRH:4
end_of_record
TN:
SF:packages/core/src/utils/datum.ts
FN:4,mkInt
FN:20,mkBytes
FN:22,mkConstr
FN:29,mkMap
FNF:4
FNH:4
FNDA:27,mkInt
FNDA:10,mkBytes
FNDA:10,mkConstr
FNDA:5,mkMap
DA:1,1
DA:2,1
DA:4,1
DA:5,27
DA:6,27
DA:7,1
DA:8,26
DA:9,27
DA:20,1
DA:22,1
DA:23,10
DA:24,10
DA:25,10
DA:26,10
DA:27,10
DA:29,1
DA:30,5
DA:31,5
DA:32,5
DA:33,5
DA:35,1
DA:49,1
DA:74,1
DA:75,1
LF:24
LH:24
BRDA:4,0,0,27
BRDA:6,1,0,1
BRDA:7,2,0,26
BRDA:20,3,0,10
BRDA:22,4,0,10
BRDA:24,5,0,13
BRDA:29,6,0,5
BRDA:31,7,0,6
BRF:8
BRH:8
end_of_record
TN:
SF:packages/core/src/utils/keys.util.ts
FN:32,cardanoCliKeygen
FN:57,hydraCliKeygen
FN:84,genVkey
FN:102,mnemonicToCliKey
FNF:4
FNH:4
FNDA:21,cardanoCliKeygen
FNDA:9,hydraCliKeygen
FNDA:25,genVkey
FNDA:16,mnemonicToCliKey
DA:1,1
DA:2,1
DA:3,1
DA:32,1
DA:33,21
DA:34,21
DA:35,21
DA:37,21
DA:38,21
DA:40,21
DA:41,21
DA:42,21
DA:43,21
DA:44,21
DA:45,21
DA:46,21
DA:47,21
DA:48,21
DA:49,21
DA:50,21
DA:51,21
DA:52,21
DA:57,1
DA:58,9
DA:59,9
DA:60,9
DA:62,9
DA:63,9
DA:65,9
DA:66,9
DA:67,9
DA:68,9
DA:69,9
DA:70,9
DA:71,9
DA:72,9
DA:73,9
DA:74,9
DA:75,9
DA:76,9
DA:77,9
DA:84,1
DA:85,25
DA:86,25
DA:87,25
DA:88,25
DA:89,25
DA:90,25
DA:91,25
DA:92,25
DA:93,25
DA:102,1
DA:103,16
DA:104,16
DA:105,16
DA:106,16
DA:107,16
DA:109,16
DA:110,16
DA:112,16
DA:113,16
DA:114,16
DA:115,16
DA:116,16
DA:118,16
DA:120,16
DA:121,16
DA:122,16
DA:123,16
DA:124,16
LF:70
LH:70
BRDA:32,0,0,21
BRDA:57,1,0,9
BRDA:84,2,0,25
BRDA:102,3,0,16
BRF:4
BRH:4
end_of_record
TN:
SF:packages/core/src/utils/metadata.ts
FN:13,metadataObjToMetadatum
FNF:1
FNH:1
FNDA:105,metadataObjToMetadatum
DA:1,1
DA:13,1
DA:14,105
DA:15,105
DA:16,105
DA:17,4
DA:18,105
DA:19,43
DA:20,101
DA:21,24
DA:22,58
DA:23,3
DA:24,34
DA:26,9
DA:27,9
DA:28,20
DA:29,9
DA:30,9
DA:31,31
DA:33,17
DA:34,17
DA:36,3
DA:37,4
DA:38,3
DA:39,17
DA:41,14
DA:42,21
DA:43,14
DA:44,14
DA:45,17
DA:46,22
DA:47,5
DA:48,5
DA:49,105
LF:34
LH:34
BRDA:13,0,0,105
BRDA:16,1,0,4
BRDA:18,2,0,101
BRDA:18,3,0,43
BRDA:20,4,0,58
BRDA:20,5,0,24
BRDA:22,6,0,34
BRDA:22,7,0,3
BRDA:24,8,0,31
BRDA:24,9,0,9
BRDA:31,10,0,22
BRDA:31,11,0,20
BRDA:31,12,0,17
BRDA:34,13,0,3
BRDA:39,14,0,14
BRDA:46,15,0,5
BRDA:27,16,0,20
BRDA:36,17,0,4
BRDA:41,18,0,21
BRF:19
BRH:19
end_of_record
TN:
SF:packages/core/src/utils/parser.ts
FN:8,assert_bytes
FN:14,isBytes
FN:20,asciiToBase16
FN:38,bytesToHex
FN:55,hexToBytes
FN:79,stringToHex
FN:90,hexToString
FN:102,toBytes
FN:117,fromUTF8
FN:127,toUTF8
FNF:10
FNH:7
FNDA:96,assert_bytes
FNDA:96,isBytes
FNDA:16754,asciiToBase16
FNDA:96,bytesToHex
FNDA:247,hexToBytes
FNDA:1,stringToHex
FNDA:0,hexToString
FNDA:187,toBytes
FNDA:0,fromUTF8
FNDA:0,toUTF8
DA:8,96
DA:9,96
DA:10,96
DA:11,96
DA:12,96
DA:14,1
DA:15,96
DA:16,96
DA:19,1
DA:20,16754
DA:21,16754
DA:22,16754
DA:23,16754
DA:24,0
DA:25,0
DA:28,1
DA:38,1
DA:39,96
DA:40,96
DA:42,96
DA:43,96
DA:44,4122
DA:45,4122
DA:46,96
DA:47,96
DA:55,1
DA:56,247
DA:57,247
DA:58,247
DA:59,247
DA:60,247
DA:61,247
DA:62,8377
DA:63,8377
DA:64,8377
DA:65,0
DA:66,0
DA:67,0
DA:68,8377
DA:69,8377
DA:70,247
DA:71,247
DA:79,1
DA:80,1
DA:81,1
DA:82,1
DA:90,1
DA:91,0
DA:92,0
DA:93,0
DA:102,1
DA:104,187
DA:105,180
DA:106,180
DA:108,7
DA:109,7
DA:117,1
DA:118,0
DA:119,0
DA:127,1
DA:128,0
DA:129,0
LF:62
LH:50
BRDA:8,0,0,96
BRDA:9,1,0,0
BRDA:10,2,0,0
BRDA:11,3,0,0
BRDA:14,4,0,96
BRDA:15,5,0,0
BRDA:20,6,0,16754
BRDA:21,7,0,11954
BRDA:21,8,0,4800
BRDA:22,9,0,8
BRDA:22,10,0,4792
BRDA:23,11,0,4792
BRDA:23,12,0,0
BRDA:28,13,0,5376
BRDA:38,14,0,96
BRDA:39,15,0,0
BRDA:43,16,0,4122
BRDA:55,17,0,247
BRDA:56,18,0,0
BRDA:59,19,0,0
BRDA:61,20,0,8377
BRDA:64,21,0,0
BRDA:79,22,0,1
BRDA:102,23,0,187
BRDA:104,24,0,182
BRDA:104,25,0,180
BRDA:106,26,0,7
BRF:27
BRH:18
end_of_record
TN:
SF:packages/core/src/utils/plutus-script.util.ts
FN:9,applyParamsToScript
FN:29,mintingPolicyToId
FN:36,validatorToScriptHash
FN:58,validatorToAddress
FNF:4
FNH:4
FNDA:1,applyParamsToScript
FNDA:1,mintingPolicyToId
FNDA:3,validatorToScriptHash
FNDA:1,validatorToAddress
DA:1,1
DA:2,1
DA:3,1
DA:4,1
DA:5,1
DA:6,1
DA:9,1
DA:10,1
DA:11,1
DA:12,1
DA:13,1
DA:14,1
DA:15,1
DA:16,1
DA:18,1
DA:19,1
DA:20,1
DA:21,1
DA:22,0
DA:23,0
DA:24,1
DA:29,1
DA:30,1
DA:31,1
DA:36,1
DA:37,3
DA:38,3
DA:39,0
DA:40,3
DA:41,0
DA:42,3
DA:43,3
DA:44,3
DA:45,0
DA:46,3
DA:47,0
DA:48,3
DA:49,3
DA:58,1
DA:59,1
DA:60,1
DA:61,1
DA:62,1
DA:63,1
DA:64,1
DA:65,1
DA:66,0
DA:67,0
DA:68,0
DA:69,0
DA:70,0
DA:71,0
DA:72,0
DA:73,1
LF:54
LH:41
BRDA:9,0,0,1
BRDA:21,1,0,0
BRDA:12,2,0,1
BRDA:29,3,0,1
BRDA:36,4,0,3
BRDA:38,5,0,0
BRDA:40,6,0,0
BRDA:44,7,0,0
BRDA:46,8,0,0
BRDA:58,9,0,1
BRDA:65,10,0,0
BRF:11
BRH:5
end_of_record
TN:
SF:packages/core/src/utils/policy.ts
FN:15,buildPolicyScriptFromPubkey
FN:28,buildMintingPolicyScriptFromAddress
FN:45,buildMintingPolicyScriptFromKeyHash
FN:58,policyIdFromNativeScript
FNF:4
FNH:4
FNDA:8,buildPolicyScriptFromPubkey
FNDA:11,buildMintingPolicyScriptFromAddress
FNDA:17,buildMintingPolicyScriptFromKeyHash
FNDA:10,policyIdFromNativeScript
DA:1,1
DA:15,1
DA:16,8
DA:17,8
DA:18,8
DA:19,8
DA:20,8
DA:28,1
DA:29,11
DA:30,11
DA:31,0
DA:32,0
DA:33,11
DA:34,11
DA:35,0
DA:36,0
DA:37,9
DA:38,9
DA:45,1
DA:46,17
DA:47,17
DA:48,17
DA:49,17
DA:50,17
DA:58,1
DA:59,10
DA:60,10
DA:61,10
LF:28
LH:24
BRDA:15,0,0,8
BRDA:19,1,0,6
BRDA:19,2,0,0
BRDA:28,3,0,11
BRDA:30,4,0,0
BRDA:32,5,0,9
BRDA:34,6,0,0
BRDA:36,7,0,9
BRDA:45,8,0,17
BRDA:49,9,0,15
BRDA:49,10,0,0
BRDA:58,11,0,10
BRF:12
BRH:8
end_of_record
TN:
SF:packages/core/src/utils/time.ts
FN:4,slotToBeginUnixTime
FN:15,unixTimeToEnclosingSlot
FN:27,resolveSlotNo
FN:37,resolveEpochNo
FN:55,buildHydraSlotConfig
FNF:5
FNH:5
FNDA:13,slotToBeginUnixTime
FNDA:26,unixTimeToEnclosingSlot
FNDA:7,resolveSlotNo
FNDA:8,resolveEpochNo
FNDA:12,buildHydraSlotConfig
DA:2,1
DA:4,1
DA:5,13
DA:6,13
DA:7,13
DA:15,1
DA:16,26
DA:17,26
DA:18,26
DA:19,26
DA:27,1
DA:28,7
DA:29,7
DA:37,1
DA:38,8
DA:40,8
DA:41,8
DA:43,8
DA:44,8
DA:55,1
DA:56,12
DA:57,12
DA:58,12
DA:59,12
DA:60,12
DA:61,12
DA:62,12
DA:63,12
DA:64,12
DA:65,12
DA:66,12
LF:31
LH:31
BRDA:4,0,0,13
BRDA:15,1,0,26
BRDA:27,2,0,7
BRDA:37,3,0,8
BRDA:55,4,0,12
BRDA:61,5,0,6
BRDA:61,6,0,10
BRDA:62,7,0,6
BRDA:62,8,0,9
BRDA:63,9,0,6
BRDA:63,10,0,10
BRDA:64,11,0,6
BRDA:64,12,0,9
BRF:13
BRH:13
end_of_record
TN:
SF:packages/core/src/utils/validator.util.ts
FN:4,isValidAddress
FN:30,isValidTxOutput
FNF:2
FNH:2
FNDA:36,isValidAddress
FNDA:16,isValidTxOutput
DA:1,1
DA:2,1
DA:4,1
DA:6,36
DA:7,36
DA:8,36
DA:9,27
DA:10,27
DA:11,19
DA:12,27
DA:13,4
DA:14,5
DA:15,1
DA:16,1
DA:17,36
DA:18,4
DA:19,3
DA:20,9
DA:21,5
DA:22,5
DA:23,36
DA:24,15
DA:25,36
DA:26,11
DA:27,11
DA:28,36
DA:30,1
DA:31,16
DA:32,16
DA:33,16
DA:34,16
DA:35,9
DA:36,9
DA:37,16
LF:34
LH:34
BRDA:4,0,0,36
BRDA:8,1,0,27
BRDA:9,2,0,3
BRDA:9,3,0,24
BRDA:10,4,0,19
BRDA:12,5,0,5
BRDA:12,6,0,4
BRDA:14,7,0,1
BRDA:17,8,0,9
BRDA:17,9,0,4
BRDA:18,10,0,1
BRDA:18,11,0,3
BRDA:20,12,0,5
BRDA:22,13,0,15
BRDA:23,14,0,0
BRDA:23,15,0,15
BRDA:25,16,0,11
BRDA:30,17,0,16
BRDA:33,18,0,7
BRDA:33,19,0,0
BRDA:34,20,0,9
BRF:21
BRH:19
end_of_record
TN:
SF:packages/core/src/utils/cardano-wasm/build-keys.ts
FN:4,buildBaseAddress
FN:14,buildEnterpriseAddress
FN:26,buildRewardAddress
FN:39,buildDRepID
FN:79,harden
FN:83,buildKeys
FN:141,clampScalar
FN:159,stripExtendedKey
FNF:8
FNH:7
FNDA:62,buildBaseAddress
FNDA:61,buildEnterpriseAddress
FNDA:61,buildRewardAddress
FNDA:0,buildDRepID
FNDA:261,harden
FNDA:88,buildKeys
FNDA:3,clampScalar
FNDA:118,stripExtendedKey
DA:1,1
DA:2,1
DA:4,1
DA:5,62
DA:6,62
DA:7,62
DA:8,62
DA:9,62
DA:10,62
DA:11,62
DA:12,62
DA:14,1
DA:15,61
DA:16,61
DA:17,61
DA:22,61
DA:23,61
DA:24,61
DA:26,1
DA:27,61
DA:28,61
DA:29,61
DA:35,61
DA:36,61
DA:37,61
DA:39,1
DA:40,0
DA:41,0
DA:43,0
DA:58,0
DA:59,0
DA:60,0
DA:63,1
DA:64,1
DA:68,1
DA:69,1
DA:72,1
DA:73,1
DA:74,1
DA:75,1
DA:76,1
DA:79,261
DA:80,261
DA:81,261
DA:83,1
DA:84,88
DA:85,88
DA:86,88
DA:92,88
DA:93,88
DA:94,1
DA:96,1
DA:98,1
DA:99,1
DA:100,1
DA:101,1
DA:106,87
DA:109,87
DA:110,87
DA:111,87
DA:112,87
DA:114,87
DA:115,87
DA:116,87
DA:117,87
DA:118,87
DA:119,87
DA:120,87
DA:121,87
DA:122,87
DA:124,87
DA:125,87
DA:141,1
DA:142,3
DA:143,3
DA:144,3
DA:145,3
DA:146,3
DA:147,3
DA:148,3
DA:149,3
DA:150,3
DA:159,1
DA:160,118
DA:161,2
DA:162,2
DA:164,116
DA:165,116
DA:166,116
LF:89
LH:83
BRDA:4,0,0,62
BRDA:14,1,0,61
BRDA:26,2,0,61
BRDA:63,3,0,18
BRDA:68,4,0,18
BRDA:72,5,0,18
BRDA:79,6,0,261
BRDA:83,7,0,88
BRDA:93,8,0,1
BRDA:101,9,0,87
BRDA:141,10,0,3
BRDA:159,11,0,118
BRDA:160,12,0,116
BRDA:160,13,0,2
BRF:14
BRH:14
end_of_record
TN:
SF:packages/core/src/utils/cardano-wasm/converter.ts
FN:7,convertUTxOToUTxOObject
FN:65,convertUTxOObjectToUTxO
FN:177,convertTxOutputToWasm
FNF:3
FNH:3
FNDA:3,convertUTxOToUTxOObject
FNDA:10,convertUTxOObjectToUTxO
FNDA:23,convertTxOutputToWasm
DA:1,1
DA:3,1
DA:4,1
DA:5,1
DA:7,1
DA:8,3
DA:9,4
DA:10,4
DA:11,4
DA:12,4
DA:13,1
DA:14,1
DA:15,1
DA:16,4
DA:17,3
DA:18,3
DA:20,4
DA:21,4
DA:24,4
DA:25,4
DA:28,4
DA:29,4
DA:30,4
DA:33,4
DA:34,4
DA:35,4
DA:36,4
DA:37,4
DA:38,4
DA:39,0
DA:41,0
DA:43,0
DA:44,0
DA:46,0
DA:47,0
DA:48,4
DA:49,4
DA:50,4
DA:51,4
DA:52,4
DA:53,4
DA:54,3
DA:55,3
DA:65,1
DA:66,10
DA:67,10
DA:68,10
DA:69,10
DA:71,10
DA:72,14
DA:75,14
DA:76,14
DA:77,14
DA:80,14
DA:81,14
DA:82,14
DA:83,14
DA:84,14
DA:85,14
DA:87,0
DA:88,0
DA:89,14
DA:92,14
DA:93,14
DA:96,14
DA:97,14
DA:98,14
DA:99,14
DA:102,14
DA:103,14
DA:104,14
DA:107,0
DA:108,0
DA:110,0
DA:111,0
DA:112,0
DA:113,0
DA:114,0
DA:115,0
DA:116,0
DA:117,0
DA:120,14
DA:121,14
DA:123,14
DA:125,3
DA:126,3
DA:127,0
DA:128,3
DA:129,3
DA:130,3
DA:131,3
DA:132,3
DA:134,0
DA:135,0
DA:136,0
DA:137,0
DA:138,0
DA:139,0
DA:140,0
DA:141,0
DA:148,0
DA:149,0
DA:150,0
DA:151,0
DA:152,0
DA:153,0
DA:154,3
DA:157,14
DA:158,14
DA:159,14
DA:160,14
DA:161,14
DA:162,14
DA:163,14
DA:164,14
DA:165,14
DA:166,14
DA:167,14
DA:168,14
DA:169,14
DA:170,14
DA:171,14
DA:172,14
DA:174,10
DA:175,10
DA:177,1
DA:178,23
DA:179,23
DA:180,23
DA:182,14
DA:183,23
DA:184,23
DA:186,23
DA:188,23
DA:189,23
DA:190,4
DA:191,4
DA:192,4
DA:193,7
DA:194,7
DA:195,5
DA:196,5
DA:197,7
DA:198,6
DA:199,6
DA:200,7
DA:201,7
DA:202,7
DA:203,4
DA:204,5
DA:205,5
DA:207,5
DA:208,5
DA:209,5
DA:210,5
DA:211,5
DA:212,4
DA:213,4
DA:214,4
DA:215,4
DA:216,4
DA:217,23
DA:218,9
DA:219,9
DA:221,23
DA:222,1
DA:223,1
DA:224,23
DA:225,2
DA:226,2
DA:227,23
DA:228,1
DA:229,1
DA:230,1
DA:232,23
DA:234,0
DA:235,11
DA:236,23
DA:237,12
DA:238,12
DA:239,23
LF:181
LH:147
BRDA:7,0,0,3
BRDA:8,1,0,4
BRDA:12,2,0,1
BRDA:16,3,0,3
BRDA:17,4,0,1
BRDA:24,5,0,0
BRDA:30,6,0,1
BRDA:30,7,0,3
BRDA:35,8,0,4
BRDA:38,9,0,0
BRDA:65,10,0,10
BRDA:71,11,0,14
BRDA:85,12,0,0
BRDA:104,13,0,0
BRDA:123,14,0,3
BRDA:126,15,0,0
BRDA:132,16,0,0
BRDA:177,17,0,23
BRDA:179,18,0,4
BRDA:179,19,0,17
BRDA:180,20,0,3
BRDA:180,21,0,21
BRDA:180,22,0,14
BRDA:183,23,0,12
BRDA:183,24,0,2
BRDA:189,25,0,4
BRDA:192,26,0,7
BRDA:194,27,0,5
BRDA:197,28,0,6
BRDA:217,29,0,9
BRDA:219,30,0,12
BRDA:221,31,0,3
BRDA:221,32,0,1
BRDA:223,33,0,11
BRDA:224,34,0,2
BRDA:226,35,0,11
BRDA:227,36,0,1
BRDA:230,37,0,11
BRDA:232,38,0,0
BRDA:234,39,0,11
BRDA:236,40,0,12
BRDA:183,41,0,13
BRDA:186,42,0,18
BRDA:203,43,0,5
BRDA:207,44,0,5
BRF:45
BRH:38
end_of_record
TN:
SF:packages/core/src/utils/cardano-wasm/deserializer.ts
FN:6,deserializeTx
FN:10,deserializeAssetUnit
FN:32,deserializeAddress
FN:116,deserializePlutusScript
FN:130,deserializePlutusScriptHash
FN:145,deserializePlutusData
FNF:6
FNH:6
FNDA:27,deserializeTx
FNDA:20,deserializeAssetUnit
FNDA:7,deserializeAddress
FNDA:9,deserializePlutusScript
FNDA:4,deserializePlutusScriptHash
FNDA:3,deserializePlutusData
DA:1,1
DA:4,1
DA:6,1
DA:7,27
DA:8,27
DA:10,1
DA:11,20
DA:12,20
DA:13,20
DA:14,20
DA:32,1
DA:33,7
DA:34,7
DA:36,7
DA:37,7
DA:38,7
DA:39,7
DA:41,5
DA:42,7
DA:44,1
DA:45,1
DA:46,1
DA:47,7
DA:48,1
DA:49,1
DA:50,1
DA:51,1
DA:52,1
DA:54,1
DA:55,1
DA:56,1
DA:57,1
DA:58,1
DA:59,1
DA:60,1
DA:61,7
DA:63,2
DA:64,2
DA:65,2
DA:66,2
DA:68,2
DA:69,2
DA:70,2
DA:71,2
DA:72,2
DA:73,2
DA:74,5
DA:76,1
DA:77,1
DA:78,1
DA:79,1
DA:81,1
DA:82,1
DA:83,1
DA:84,1
DA:85,1
DA:86,1
DA:87,3
DA:89,1
DA:90,1
DA:91,1
DA:92,1
DA:93,1
DA:94,1
DA:95,1
DA:96,1
DA:97,1
DA:98,1
DA:99,1
DA:100,1
DA:102,0
DA:103,0
DA:104,0
DA:105,0
DA:106,7
DA:107,2
DA:108,2
DA:109,7
DA:116,1
DA:117,9
DA:118,9
DA:119,2
DA:120,9
DA:121,2
DA:122,7
DA:123,4
DA:124,5
DA:125,1
DA:126,1
DA:127,7
DA:128,7
DA:130,1
DA:131,4
DA:132,4
DA:133,4
DA:134,4
DA:135,1
DA:136,1
DA:137,4
DA:145,1
DA:146,3
DA:147,3
DA:148,3
DA:149,3
DA:150,1
DA:151,1
DA:152,3
LF:107
LH:103
BRDA:6,0,0,27
BRDA:10,1,0,20
BRDA:32,2,0,7
BRDA:39,3,0,6
BRDA:39,4,0,5
BRDA:42,5,0,1
BRDA:44,6,0,0
BRDA:44,7,0,0
BRDA:46,8,0,6
BRDA:47,9,0,1
BRDA:50,10,0,0
BRDA:50,11,0,0
BRDA:52,12,0,0
BRDA:52,13,0,0
BRDA:61,14,0,5
BRDA:61,15,0,2
BRDA:66,16,0,1
BRDA:66,17,0,1
BRDA:74,18,0,3
BRDA:74,19,0,1
BRDA:79,20,0,0
BRDA:87,21,0,2
BRDA:87,22,0,1
BRDA:92,23,0,0
BRDA:100,24,0,0
BRDA:106,25,0,2
BRDA:116,26,0,9
BRDA:118,27,0,2
BRDA:120,28,0,7
BRDA:120,29,0,2
BRDA:122,30,0,5
BRDA:122,31,0,4
BRDA:124,32,0,1
BRDA:130,33,0,4
BRDA:134,34,0,1
BRDA:145,35,0,3
BRDA:149,36,0,1
BRF:37
BRH:28
end_of_record
TN:
SF:packages/core/src/utils/cardano-wasm/resolver.ts
FN:8,resolveTxHash
FN:12,resolveTxBodyHash
FNF:2
FNH:2
FNDA:12,resolveTxHash
FNDA:3,resolveTxBodyHash
DA:1,1
DA:8,1
DA:9,12
DA:10,12
DA:12,1
DA:13,3
DA:14,3
DA:15,3
LF:8
LH:8
BRDA:8,0,0,12
BRDA:12,1,0,3
BRF:2
BRH:2
end_of_record
TN:
SF:packages/core/src/utils/cardano-wasm/serializer.ts
FN:1,serializeAssetUnit
FNF:1
FNH:1
FNDA:8,serializeAssetUnit
DA:1,1
DA:2,8
DA:3,8
LF:3
LH:3
BRDA:1,0,0,8
BRF:1
BRH:1
end_of_record
TN:
SF:packages/core/src/utils/providers/base.ts
FNF:0
FNH:0
DA:4,1
DA:7,1
LF:2
LH:2
BRF:0
BRH:0
end_of_record
TN:
SF:packages/core/src/utils/providers/blockfrost.provider.ts
FN:60,BlockfrostProvider
FN:83,buildFetcher
FN:84,fetchAddressUTxOs
FN:88,queryUTxOs
FN:125,buildSubmitter
FN:126,submitTx
FN:146,toUTxO
FNF:7
FNH:7
FNDA:21,BlockfrostProvider
FNDA:20,buildFetcher
FNDA:8,fetchAddressUTxOs
FNDA:9,queryUTxOs
FNDA:20,buildSubmitter
FNDA:5,submitTx
FNDA:6,toUTxO
DA:1,1
DA:5,1
DA:6,1
DA:7,1
DA:51,1
DA:58,1
DA:60,1
DA:61,21
DA:63,21
DA:64,21
DA:65,21
DA:66,1
DA:67,1
DA:69,20
DA:71,20
DA:72,21
DA:73,21
DA:74,21
DA:75,21
DA:76,21
DA:77,21
DA:79,21
DA:80,21
DA:81,21
DA:83,1
DA:84,20
DA:85,8
DA:86,8
DA:88,8
DA:89,9
DA:90,9
DA:91,9
DA:92,9
DA:93,9
DA:94,9
DA:95,9
DA:96,9
DA:97,1
DA:99,1
DA:100,1
DA:101,0
DA:102,9
DA:103,1
DA:104,7
DA:106,1
DA:107,1
DA:108,6
DA:109,5
DA:110,5
DA:111,9
DA:113,8
DA:114,7
DA:115,8
DA:116,1
DA:117,1
DA:118,8
DA:120,20
DA:121,20
DA:122,20
DA:123,20
DA:125,1
DA:126,20
DA:127,5
DA:128,5
DA:129,5
DA:131,5
DA:132,3
DA:133,3
DA:134,1
DA:135,5
DA:136,2
DA:137,2
DA:138,2
DA:139,5
DA:141,20
DA:142,20
DA:143,20
DA:144,20
DA:146,1
DA:147,6
DA:148,105
DA:149,105
DA:150,105
DA:151,105
DA:152,105
DA:153,105
DA:154,105
DA:155,105
DA:156,105
DA:157,105
DA:158,105
DA:159,105
DA:160,1
DA:161,104
DA:162,105
DA:163,105
DA:164,6
DA:165,6
DA:166,1
LF:99
LH:98
BRDA:60,0,0,21
BRDA:65,1,0,1
BRDA:67,2,0,20
BRDA:72,3,0,19
BRDA:83,4,0,20
BRDA:84,5,0,8
BRDA:86,6,0,1
BRDA:86,7,0,7
BRDA:113,8,0,7
BRDA:115,9,0,1
BRDA:88,10,0,9
BRDA:95,11,0,8
BRDA:96,12,0,7
BRDA:96,13,0,1
BRDA:100,14,0,0
BRDA:102,15,0,7
BRDA:102,16,0,1
BRDA:104,17,0,6
BRDA:104,18,0,1
BRDA:108,19,0,5
BRDA:125,20,0,20
BRDA:126,21,0,5
BRDA:129,22,0,4
BRDA:131,23,0,2
BRDA:131,24,0,3
BRDA:133,25,0,1
BRDA:135,26,0,2
BRDA:146,27,0,6
BRDA:147,28,0,105
BRDA:158,29,0,104
BRDA:159,30,0,1
BRDA:160,31,0,104
BRDA:154,32,0,105
BRF:33
BRH:32
end_of_record
TN:
SF:packages/core/src/utils/providers/ogmios.provider.ts
FN:97,OgmiosProvider
FN:118,buildFetcher
FN:120,fetchAddressUTxOs
FN:136,buildSubmitter
FN:138,submitTx
FN:158,rpcRequest
FN:176,toUTxO
FN:177,convertAmount
FN:194,convertScript
FNF:9
FNH:9
FNDA:19,OgmiosProvider
FNDA:19,buildFetcher
FNDA:10,fetchAddressUTxOs
FNDA:19,buildSubmitter
FNDA:4,submitTx
FNDA:14,rpcRequest
FNDA:9,toUTxO
FNDA:9,convertAmount
FNDA:9,convertScript
DA:1,1
DA:5,1
DA:6,1
DA:7,1
DA:91,1
DA:97,1
DA:98,19
DA:100,19
DA:101,19
DA:103,19
DA:104,19
DA:105,19
DA:106,19
DA:107,19
DA:108,19
DA:110,19
DA:111,0
DA:112,19
DA:113,19
DA:114,0
DA:115,19
DA:116,19
DA:118,1
DA:120,19
DA:121,10
DA:122,10
DA:123,10
DA:124,10
DA:125,9
DA:126,10
DA:127,1
DA:128,1
DA:129,1
DA:130,10
DA:131,19
DA:132,19
DA:133,19
DA:134,19
DA:136,1
DA:138,19
DA:139,4
DA:140,4
DA:141,4
DA:142,4
DA:143,4
DA:144,4
DA:145,4
DA:146,1
DA:147,1
DA:148,2
DA:149,2
DA:150,2
DA:151,2
DA:152,4
DA:153,19
DA:154,19
DA:155,19
DA:156,19
DA:158,1
DA:159,14
DA:160,14
DA:161,14
DA:162,14
DA:163,14
DA:164,14
DA:165,14
DA:166,14
DA:167,14
DA:168,14
DA:169,12
DA:170,14
DA:171,2
DA:172,2
DA:173,2
DA:174,14
DA:176,1
DA:177,9
DA:178,9
DA:180,9
DA:181,11
DA:182,9
DA:183,11
DA:184,2
DA:185,2
DA:186,2
DA:187,2
DA:188,2
DA:189,9
DA:191,9
DA:192,9
DA:194,9
DA:195,9
DA:196,9
DA:199,1
DA:200,1
DA:203,1
DA:204,1
DA:205,0
DA:206,9
DA:208,9
DA:209,9
DA:210,9
DA:211,9
DA:212,9
DA:213,9
DA:214,9
DA:215,9
DA:216,9
DA:217,9
DA:218,9
DA:219,9
DA:220,9
DA:221,9
DA:222,1
LF:114
LH:111
BRDA:97,0,0,19
BRDA:104,1,0,1
BRDA:118,2,0,19
BRDA:120,3,0,10
BRDA:124,4,0,9
BRDA:126,5,0,1
BRDA:125,6,0,9
BRDA:125,7,0,2
BRDA:125,8,0,7
BRDA:125,9,0,3
BRDA:136,10,0,19
BRDA:138,11,0,4
BRDA:144,12,0,3
BRDA:145,13,0,2
BRDA:145,14,0,1
BRDA:147,15,0,2
BRDA:158,16,0,14
BRDA:166,17,0,0
BRDA:168,18,0,12
BRDA:170,19,0,2
BRDA:171,20,0,1
BRDA:172,21,0,1
BRDA:176,22,0,9
BRDA:177,23,0,9
BRDA:180,24,0,11
BRDA:181,25,0,9
BRDA:183,26,0,2
BRDA:184,27,0,2
BRDA:194,28,0,9
BRDA:195,29,0,7
BRDA:195,30,0,2
BRDA:196,31,0,1
BRDA:199,32,0,0
BRDA:204,33,0,0
BRDA:208,34,0,9
BRDA:216,35,0,8
BRDA:217,36,0,1
BRDA:217,37,0,8
BRF:38
BRH:35
end_of_record
TN:
SF:packages/hydra-bridge/src/bridge.ts
FN:86,HydraBridge
FN:104,snapshotUtxoArray
FN:109,connected
FN:113,connect
FN:117,connectedHandler
FN:122,disconnectedHandler
FN:132,disconnect
FN:139,disconnectedHandler
FN:147,headInfo
FN:157,sendCommand
FN:161,commit
FN:165,submitCardanoTransaction
FN:169,queryRawProtocolParameters
FN:179,getProtocolParameters
FN:187,querySnapshotUtxo
FN:198,addressesInHead
FN:204,get commands
FN:206,newTx
FN:218,init
FN:222,close
FN:226,abort
FN:230,fanout
FN:234,contest
FN:238,recover
FN:245,decommit
FN:248,initSync
FN:252,initHydraHead
FN:257,handler
FN:279,submitTxSync
FN:297,decommit
FN:310,handler
FN:325,get events
FN:329,queryAddressUTxO
FNF:33
FNH:33
FNDA:48,HydraBridge
FNDA:2,snapshotUtxoArray
FNDA:5,connected
FNDA:2,connect
FNDA:1,connectedHandler
FNDA:1,disconnectedHandler
FNDA:2,disconnect
FNDA:1,disconnectedHandler
FNDA:1,headInfo
FNDA:14,sendCommand
FNDA:1,commit
FNDA:1,submitCardanoTransaction
FNDA:3,queryRawProtocolParameters
FNDA:4,getProtocolParameters
FNDA:7,querySnapshotUtxo
FNDA:1,addressesInHead
FNDA:14,get commands
FNDA:2,newTx
FNDA:3,init
FNDA:1,close
FNDA:1,abort
FNDA:1,fanout
FNDA:1,contest
FNDA:1,recover
FNDA:2,decommit
FNDA:2,initSync
FNDA:2,initHydraHead
FNDA:1,handler
FNDA:3,submitTxSync
FNDA:2,decommit
FNDA:1,handler
FNDA:1,get events
FNDA:2,queryAddressUTxO
DA:1,1
DA:11,1
DA:12,1
DA:15,1
DA:77,1
DA:80,1
DA:81,1
DA:84,1
DA:86,1
DA:87,48
DA:88,48
DA:89,45
DA:90,48
DA:91,3
DA:92,3
DA:93,3
DA:94,3
DA:95,3
DA:96,3
DA:97,3
DA:98,48
DA:99,48
DA:100,1
DA:101,48
DA:102,48
DA:104,1
DA:105,2
DA:106,2
DA:107,2
DA:109,1
DA:110,5
DA:111,5
DA:113,1
DA:114,2
DA:115,2
DA:116,2
DA:117,2
DA:118,1
DA:119,1
DA:120,1
DA:121,1
DA:122,2
DA:123,1
DA:124,1
DA:125,1
DA:126,1
DA:127,2
DA:128,2
DA:129,2
DA:130,2
DA:132,1
DA:133,2
DA:134,2
DA:135,2
DA:136,1
DA:137,1
DA:138,1
DA:139,1
DA:140,1
DA:141,1
DA:142,1
DA:143,1
DA:144,1
DA:145,2
DA:147,1
DA:149,1
DA:150,1
DA:151,1
DA:152,1
DA:153,1
DA:154,1
DA:155,1
DA:157,1
DA:158,14
DA:159,14
DA:161,1
DA:162,1
DA:163,1
DA:165,1
DA:166,1
DA:167,1
DA:169,1
DA:170,3
DA:171,3
DA:172,2
DA:173,3
DA:174,1
DA:175,1
DA:176,1
DA:177,3
DA:179,1
DA:180,4
DA:181,1
DA:182,1
DA:183,3
DA:184,2
DA:185,4
DA:187,1
DA:188,7
DA:189,7
DA:190,6
DA:191,6
DA:192,7
DA:193,1
DA:194,1
DA:195,1
DA:196,7
DA:198,1
DA:199,1
DA:200,1
DA:201,1
DA:202,1
DA:204,1
DA:205,14
DA:206,14
DA:207,2
DA:208,2
DA:209,2
DA:210,2
DA:211,2
DA:212,2
DA:213,2
DA:214,2
DA:215,2
DA:216,2
DA:217,2
DA:218,14
DA:219,3
DA:220,3
DA:221,3
DA:222,14
DA:223,1
DA:224,1
DA:225,1
DA:226,14
DA:227,1
DA:228,1
DA:229,1
DA:230,14
DA:231,1
DA:232,1
DA:233,1
DA:234,14
DA:235,1
DA:236,1
DA:237,1
DA:238,14
DA:239,1
DA:240,1
DA:241,1
DA:242,1
DA:243,1
DA:244,1
DA:245,14
DA:246,2
DA:248,14
DA:249,14
DA:250,14
DA:252,1
DA:253,2
DA:254,2
DA:255,2
DA:257,2
DA:258,1
DA:259,1
DA:260,1
DA:261,1
DA:262,1
DA:263,1
DA:264,2
DA:265,1
DA:266,0
DA:267,0
DA:268,0
DA:269,1
DA:270,1
DA:271,1
DA:272,1
DA:273,1
DA:274,2
DA:275,2
DA:276,2
DA:277,2
DA:279,1
DA:280,3
DA:281,3
DA:287,3
DA:288,3
DA:290,3
DA:291,1
DA:292,1
DA:293,1
DA:294,2
DA:295,3
DA:297,1
DA:298,2
DA:299,2
DA:300,2
DA:301,2
DA:302,2
DA:303,2
DA:304,2
DA:305,2
DA:306,2
DA:307,2
DA:308,2
DA:309,2
DA:310,2
DA:311,1
DA:312,1
DA:313,1
DA:314,1
DA:315,1
DA:316,1
DA:317,2
DA:318,1
DA:319,1
DA:320,2
DA:321,2
DA:322,2
DA:323,2
DA:325,1
DA:326,1
DA:327,1
DA:329,1
DA:330,2
DA:331,2
DA:332,2
DA:333,2
DA:334,1
DA:335,1
DA:336,2
DA:337,2
DA:338,2
DA:339,1
LF:235
LH:232
BRDA:86,0,0,48
BRDA:87,1,0,46
BRDA:88,2,0,45
BRDA:90,3,0,3
BRDA:99,4,0,1
BRDA:104,5,0,2
BRDA:109,6,0,5
BRDA:113,7,0,2
BRDA:114,8,0,0
BRDA:116,9,0,2
BRDA:117,10,0,1
BRDA:118,11,0,0
BRDA:122,12,0,1
BRDA:123,13,0,0
BRDA:132,14,0,2
BRDA:133,15,0,0
BRDA:135,16,0,1
BRDA:138,17,0,1
BRDA:139,18,0,1
BRDA:140,19,0,0
BRDA:147,20,0,1
BRDA:157,21,0,14
BRDA:161,22,0,1
BRDA:165,23,0,1
BRDA:169,24,0,3
BRDA:171,25,0,2
BRDA:173,26,0,1
BRDA:179,27,0,4
BRDA:180,28,0,1
BRDA:182,29,0,3
BRDA:183,30,0,2
BRDA:187,31,0,7
BRDA:189,32,0,6
BRDA:192,33,0,1
BRDA:198,34,0,1
BRDA:200,35,0,3
BRDA:204,36,0,14
BRDA:206,37,0,2
BRDA:212,38,0,0
BRDA:218,39,0,3
BRDA:222,40,0,1
BRDA:226,41,0,1
BRDA:230,42,0,1
BRDA:234,43,0,1
BRDA:238,44,0,1
BRDA:245,45,0,2
BRDA:248,46,0,2
BRDA:252,47,0,2
BRDA:253,48,0,2
BRDA:255,49,0,0
BRDA:257,50,0,1
BRDA:264,51,0,1
BRDA:265,52,0,0
BRDA:279,53,0,3
BRDA:288,54,0,0
BRDA:290,55,0,1
BRDA:293,56,0,2
BRDA:297,57,0,2
BRDA:298,58,0,2
BRDA:309,59,0,0
BRDA:310,60,0,1
BRDA:317,61,0,1
BRDA:325,62,0,1
BRDA:329,63,0,2
BRDA:332,64,0,3
BRDA:333,65,0,1
BRF:66
BRH:56
end_of_record
TN:
SF:packages/hydra-bridge/src/connector/hexcore.ts
FN:30,defaultHexcoreFetcher
FN:32,queryRawProtocolParameters
FN:43,querySnapshotUtxo
FN:51,queryHeadInfo
FN:62,defaultHexcoreSubmitter
FN:64,commit
FN:78,submitCardanoTx
FN:86,submitTxSync
FN:140,HexcoreConnector
FN:190,connect
FN:195,disconnect
FN:199,connected
FN:203,sendCommand
FNF:13
FNH:13
FNDA:44,defaultHexcoreFetcher
FNDA:4,queryRawProtocolParameters
FNDA:2,querySnapshotUtxo
FNDA:2,queryHeadInfo
FNDA:45,defaultHexcoreSubmitter
FNDA:2,commit
FNDA:1,submitCardanoTx
FNDA:4,submitTxSync
FNDA:40,HexcoreConnector
FNDA:2,connect
FNDA:1,disconnect
FNDA:6,connected
FNDA:4,sendCommand
DA:1,1
DA:2,1
DA:8,1
DA:9,1
DA:15,1
DA:30,1
DA:31,44
DA:32,44
DA:33,4
DA:34,4
DA:35,4
DA:36,1
DA:37,1
DA:38,3
DA:39,4
DA:40,1
DA:41,1
DA:42,4
DA:43,44
DA:44,2
DA:45,2
DA:46,2
DA:47,2
DA:48,0
DA:49,0
DA:50,2
DA:51,44
DA:52,2
DA:53,2
DA:54,2
DA:55,2
DA:56,0
DA:57,0
DA:58,2
DA:59,44
DA:60,44
DA:62,1
DA:63,45
DA:64,45
DA:65,2
DA:67,2
DA:68,2
DA:69,2
DA:70,2
DA:71,2
DA:72,2
DA:73,1
DA:74,1
DA:75,1
DA:76,1
DA:77,2
DA:78,45
DA:79,1
DA:80,1
DA:81,1
DA:82,1
DA:83,0
DA:84,0
DA:85,1
DA:86,45
DA:87,4
DA:88,4
DA:91,4
DA:92,4
DA:93,4
DA:94,4
DA:95,4
DA:96,4
DA:97,1
DA:98,1
DA:99,1
DA:100,1
DA:101,1
DA:102,1
DA:103,1
DA:104,2
DA:105,2
DA:106,2
DA:107,2
DA:108,2
DA:109,2
DA:110,4
DA:111,1
DA:112,1
DA:113,4
DA:114,45
DA:115,45
DA:124,1
DA:131,1
DA:140,1
DA:141,40
DA:142,40
DA:143,1
DA:144,1
DA:145,39
DA:146,39
DA:147,39
DA:148,39
DA:149,39
DA:150,39
DA:152,39
DA:153,40
DA:154,40
DA:155,40
DA:156,40
DA:157,40
DA:158,40
DA:159,40
DA:160,40
DA:161,40
DA:162,40
DA:164,40
DA:165,40
DA:167,40
DA:168,40
DA:169,40
DA:170,40
DA:171,40
DA:173,40
DA:174,1
DA:175,40
DA:177,40
DA:178,1
DA:179,40
DA:181,40
DA:182,0
DA:183,40
DA:185,40
DA:186,1
DA:187,40
DA:188,40
DA:190,1
DA:191,2
DA:192,2
DA:193,2
DA:195,1
DA:196,1
DA:197,1
DA:199,1
DA:200,6
DA:201,6
DA:203,1
DA:207,4
DA:208,4
DA:209,1
DA:210,1
DA:211,3
DA:212,3
DA:213,3
DA:214,3
DA:215,3
DA:216,3
DA:217,3
DA:218,4
DA:219,1
DA:220,1
DA:221,4
DA:222,1
LF:158
LH:151
BRDA:30,0,0,44
BRDA:32,1,0,4
BRDA:35,2,0,1
BRDA:37,3,0,3
BRDA:39,4,0,1
BRDA:43,5,0,2
BRDA:46,6,0,1
BRDA:47,7,0,0
BRDA:51,8,0,2
BRDA:54,9,0,1
BRDA:55,10,0,0
BRDA:62,11,0,45
BRDA:64,12,0,2
BRDA:72,13,0,1
BRDA:78,14,0,1
BRDA:82,15,0,0
BRDA:86,16,0,4
BRDA:94,17,0,1
BRDA:95,18,0,3
BRDA:96,19,0,1
BRDA:103,20,0,2
BRDA:110,21,0,1
BRDA:140,22,0,40
BRDA:142,23,0,39
BRDA:142,24,0,1
BRDA:144,25,0,39
BRDA:153,26,0,38
BRDA:153,27,0,1
BRDA:162,28,0,3
BRDA:162,29,0,38
BRDA:164,30,0,3
BRDA:164,31,0,38
BRDA:165,32,0,3
BRDA:165,33,0,38
BRDA:168,34,0,3
BRDA:169,35,0,3
BRDA:169,36,0,0
BRDA:169,37,0,39
BRDA:173,38,0,1
BRDA:177,39,0,1
BRDA:185,40,0,1
BRDA:190,41,0,2
BRDA:195,42,0,1
BRDA:199,43,0,6
BRDA:203,44,0,4
BRDA:208,45,0,1
BRDA:210,46,0,3
BRDA:218,47,0,1
BRF:48
BRH:44
end_of_record
TN:
SF:packages/hydra-bridge/src/connector/websocket.ts
FN:24,defaultWsFetcher
FN:26,queryRawProtocolParameters
FN:37,querySnapshotUtxo
FN:48,queryHeadInfo
FN:62,defaultWsSubmitter
FN:64,commit
FN:86,submitCardanoTx
FN:98,submitTxSync
FN:126,WebsocketConnector
FN:165,get networkInfo
FN:187,connect
FN:193,_websocket.onopen
FN:197,_websocket.onmessage
FN:200,_websocket.onerror
FN:203,_websocket.onclose
FN:207,disconnect
FN:215,connected
FN:221,sendCommand
FN:237,rawMessageHandler
FN:248,submitTxSync
FN:275,handler
FNF:21
FNH:18
FNDA:52,defaultWsFetcher
FNDA:4,queryRawProtocolParameters
FNDA:1,querySnapshotUtxo
FNDA:1,queryHeadInfo
FNDA:48,defaultWsSubmitter
FNDA:0,commit
FNDA:0,submitCardanoTx
FNDA:0,submitTxSync
FNDA:50,WebsocketConnector
FNDA:70,get networkInfo
FNDA:16,connect
FNDA:2,_websocket.onopen
FNDA:4,_websocket.onmessage
FNDA:1,_websocket.onerror
FNDA:3,_websocket.onclose
FNDA:2,disconnect
FNDA:3,connected
FNDA:7,sendCommand
FNDA:4,rawMessageHandler
FNDA:3,submitTxSync
FNDA:3,handler
DA:1,1
DA:5,1
DA:6,1
DA:7,1
DA:10,1
DA:13,1
DA:24,1
DA:25,52
DA:26,52
DA:27,4
DA:28,4
DA:29,4
DA:30,1
DA:31,1
DA:32,3
DA:33,4
DA:34,1
DA:35,1
DA:36,4
DA:37,52
DA:38,1
DA:39,1
DA:40,1
DA:41,0
DA:42,0
DA:43,1
DA:44,1
DA:45,0
DA:46,0
DA:47,1
DA:48,52
DA:49,1
DA:50,1
DA:51,1
DA:52,0
DA:53,0
DA:54,1
DA:55,1
DA:56,0
DA:57,0
DA:58,1
DA:59,52
DA:60,52
DA:62,1
DA:63,48
DA:64,48
DA:65,0
DA:66,0
DA:67,0
DA:68,0
DA:69,0
DA:70,0
DA:71,0
DA:72,0
DA:74,0
DA:75,0
DA:76,0
DA:77,0
DA:78,0
DA:79,0
DA:80,0
DA:81,0
DA:82,0
DA:83,0
DA:84,0
DA:85,0
DA:86,48
DA:87,0
DA:88,0
DA:89,0
DA:90,0
DA:91,0
DA:92,0
DA:93,0
DA:94,0
DA:95,0
DA:96,0
DA:97,0
DA:98,48
DA:99,0
DA:100,0
DA:101,48
DA:102,48
DA:104,1
DA:123,1
DA:124,1
DA:126,1
DA:127,50
DA:128,1
DA:129,1
DA:130,1
DA:131,1
DA:133,50
DA:135,50
DA:136,1
DA:137,1
DA:138,49
DA:139,49
DA:140,49
DA:141,49
DA:142,49
DA:143,49
DA:144,49
DA:145,49
DA:146,49
DA:147,49
DA:149,49
DA:150,3
DA:151,3
DA:152,3
DA:153,46
DA:155,50
DA:156,50
DA:157,50
DA:158,50
DA:159,50
DA:161,50
DA:162,50
DA:163,50
DA:165,1
DA:166,70
DA:167,70
DA:168,70
DA:169,70
DA:170,70
DA:171,70
DA:172,70
DA:173,70
DA:174,70
DA:175,70
DA:176,70
DA:177,70
DA:178,70
DA:179,70
DA:180,70
DA:181,70
DA:182,70
DA:183,70
DA:184,70
DA:185,70
DA:187,1
DA:188,16
DA:189,1
DA:190,1
DA:191,1
DA:192,16
DA:193,16
DA:194,2
DA:195,2
DA:196,2
DA:197,16
DA:198,4
DA:199,4
DA:200,16
DA:201,1
DA:202,1
DA:203,16
DA:204,3
DA:205,3
DA:206,16
DA:207,1
DA:208,2
DA:209,1
DA:210,1
DA:211,1
DA:212,1
DA:213,1
DA:214,2
DA:215,1
DA:216,3
DA:217,1
DA:218,1
DA:219,3
DA:220,3
DA:221,1
DA:225,7
DA:226,7
DA:227,1
DA:228,1
DA:229,6
DA:230,6
DA:231,6
DA:232,7
DA:233,1
DA:234,1
DA:235,7
DA:237,1
DA:238,4
DA:239,4
DA:240,4
DA:242,4
DA:243,4
DA:244,0
DA:245,0
DA:246,4
DA:248,1
DA:249,3
DA:250,3
DA:256,3
DA:257,3
DA:258,3
DA:259,3
DA:260,3
DA:261,3
DA:262,3
DA:263,3
DA:264,3
DA:265,3
DA:266,3
DA:267,3
DA:268,3
DA:269,3
DA:270,3
DA:271,3
DA:272,3
DA:273,3
DA:274,3
DA:275,3
DA:276,3
DA:277,1
DA:278,3
DA:279,1
DA:280,1
DA:281,1
DA:282,1
DA:283,1
DA:284,1
DA:285,1
DA:286,1
DA:287,1
DA:288,1
DA:289,1
DA:290,1
DA:291,1
DA:292,1
DA:293,1
DA:294,1
DA:295,1
DA:296,3
DA:297,3
DA:298,1
DA:299,1
DA:300,1
DA:301,1
DA:302,1
DA:303,1
DA:304,3
DA:306,3
DA:307,3
DA:308,3
DA:309,1
LF:251
LH:208
BRDA:24,0,0,52
BRDA:26,1,0,4
BRDA:29,2,0,1
BRDA:31,3,0,3
BRDA:33,4,0,1
BRDA:37,5,0,1
BRDA:40,6,0,0
BRDA:44,7,0,0
BRDA:48,8,0,1
BRDA:51,9,0,0
BRDA:55,10,0,0
BRDA:62,11,0,48
BRDA:126,12,0,50
BRDA:127,13,0,1
BRDA:135,14,0,49
BRDA:135,15,0,1
BRDA:137,16,0,49
BRDA:149,17,0,3
BRDA:152,18,0,46
BRDA:161,19,0,49
BRDA:161,20,0,48
BRDA:162,21,0,49
BRDA:162,22,0,48
BRDA:165,23,0,70
BRDA:167,24,0,5
BRDA:167,25,0,65
BRDA:168,26,0,3
BRDA:168,27,0,67
BRDA:169,28,0,5
BRDA:169,29,0,65
BRDA:172,30,0,1
BRDA:172,31,0,69
BRDA:178,32,0,1
BRDA:178,33,0,69
BRDA:187,34,0,16
BRDA:188,35,0,1
BRDA:193,36,0,2
BRDA:197,37,0,4
BRDA:200,38,0,1
BRDA:203,39,0,3
BRDA:207,40,0,2
BRDA:208,41,0,1
BRDA:215,42,0,3
BRDA:216,43,0,1
BRDA:218,44,0,2
BRDA:221,45,0,7
BRDA:226,46,0,1
BRDA:228,47,0,6
BRDA:232,48,0,1
BRDA:237,49,0,4
BRDA:243,50,0,0
BRDA:248,51,0,3
BRDA:257,52,0,3
BRDA:275,53,0,3
BRDA:276,54,0,1
BRDA:276,55,0,1
BRDA:278,56,0,2
BRDA:278,57,0,1
BRDA:278,58,0,1
BRDA:288,59,0,1
BRDA:297,60,0,1
BRF:61
BRH:56
end_of_record
TN:
SF:packages/hydra-bridge/src/utils/haskell-deserialize.ts
FN:33,deserializeHaskellErrorToJson
FN:35,extractQuoted
FN:41,extractInt
FNF:3
FNH:3
FNDA:29,deserializeHaskellErrorToJson
FNDA:27,extractQuoted
FNDA:4,extractInt
DA:1,1
DA:2,1
DA:3,1
DA:4,1
DA:5,1
DA:6,1
DA:7,1
DA:8,1
DA:9,1
DA:10,1
DA:11,1
DA:12,1
DA:13,1
DA:14,1
DA:15,1
DA:16,1
DA:17,1
DA:33,1
DA:35,29
DA:36,27
DA:37,27
DA:38,27
DA:41,29
DA:43,4
DA:44,4
DA:45,4
DA:48,29
DA:49,29
DA:51,29
DA:54,29
DA:55,29
DA:56,2
DA:57,2
DA:59,2
DA:60,1
DA:61,1
DA:62,1
DA:64,1
DA:65,1
DA:66,1
DA:67,1
DA:69,1
DA:70,1
DA:71,1
DA:72,1
DA:73,1
DA:74,1
DA:75,1
DA:76,1
DA:77,1
DA:78,1
DA:79,1
DA:80,1
DA:81,1
DA:82,1
DA:83,2
DA:84,2
DA:86,29
DA:87,4
DA:88,4
DA:89,4
DA:90,4
DA:91,4
DA:92,4
DA:93,4
DA:94,4
DA:96,29
DA:97,29
DA:98,29
DA:100,6
DA:102,29
DA:103,2
DA:104,2
DA:105,2
DA:106,2
DA:108,29
DA:109,29
DA:110,29
DA:111,29
DA:112,29
DA:114,5
DA:115,5
DA:117,29
DA:118,29
DA:119,29
DA:120,3
DA:121,3
DA:122,3
DA:123,3
DA:125,29
DA:126,3
DA:127,3
DA:128,3
DA:129,3
DA:130,3
DA:131,3
DA:133,29
DA:134,4
DA:135,4
DA:136,4
DA:137,29
DA:139,29
DA:140,29
LF:103
LH:103
BRDA:1,0,0,3
BRDA:33,1,0,29
BRDA:49,2,0,27
BRDA:49,3,0,2
BRDA:55,4,0,2
BRDA:59,5,0,1
BRDA:62,6,0,0
BRDA:67,7,0,0
BRDA:86,8,0,4
BRDA:88,9,0,3
BRDA:89,10,0,3
BRDA:96,11,0,4
BRDA:97,12,0,5
BRDA:98,13,0,6
BRDA:102,14,0,2
BRDA:108,15,0,1
BRDA:109,16,0,2
BRDA:110,17,0,3
BRDA:111,18,0,4
BRDA:112,19,0,5
BRDA:117,20,0,1
BRDA:118,21,0,2
BRDA:119,22,0,3
BRDA:125,23,0,3
BRDA:133,24,0,4
BRDA:35,25,0,27
BRDA:37,26,0,14
BRDA:37,27,0,13
BRDA:41,28,0,4
BRDA:44,29,0,2
BRDA:44,30,0,2
BRF:31
BRH:29
end_of_record
TN:
SF:packages/hydra-bridge/src/utils/url-builder.ts
FN:1,buildUrl
FNF:1
FNH:1
FNDA:200,buildUrl
DA:1,1
DA:2,200
DA:3,200
DA:4,200
DA:5,200
DA:6,200
DA:7,200
DA:13,200
DA:14,200
DA:16,200
DA:17,187
DA:18,187
DA:20,200
DA:21,184
DA:22,184
DA:24,200
DA:25,26
DA:26,200
DA:28,200
DA:29,200
LF:20
LH:20
BRDA:1,0,0,200
BRDA:16,1,0,187
BRDA:20,2,0,184
BRDA:21,3,0,183
BRDA:21,4,0,1
BRDA:24,5,0,26
BRF:6
BRH:6
end_of_record
TN:
SF:packages/hydra-bridge/src/utils/url-parser.ts
FN:26,parseUrl
FNF:1
FNH:1
FNDA:130,parseUrl
DA:2,1
DA:3,1
DA:4,1
DA:5,1
DA:6,1
DA:7,1
DA:8,1
DA:9,1
DA:26,1
DA:28,130
DA:29,3
DA:30,3
DA:32,127
DA:35,127
DA:36,130
DA:38,5
DA:39,5
DA:41,127
DA:42,127
DA:45,130
DA:46,2
DA:47,2
DA:50,130
DA:51,0
DA:52,0
DA:55,130
DA:57,130
DA:58,130
DA:59,130
DA:60,130
DA:61,130
DA:62,130
DA:63,130
DA:64,130
DA:65,130
DA:66,130
DA:67,5
DA:68,5
DA:69,130
LF:39
LH:37
BRDA:26,0,0,130
BRDA:28,1,0,128
BRDA:28,2,0,3
BRDA:30,3,0,127
BRDA:36,4,0,5
BRDA:39,5,0,127
BRDA:45,6,0,2
BRDA:47,7,0,120
BRDA:50,8,0,0
BRDA:52,9,0,120
BRDA:55,10,0,0
BRDA:61,11,0,48
BRDA:66,12,0,5
BRF:13
BRH:11
end_of_record
TN:
SF:packages/hydra-transaction/src/utils/bigint.utils.ts
FN:9,bigIntReplacer
FN:20,bigIntReviver
FN:71,convertBigIntToString
FN:99,convertStringToBigInt
FN:126,safeStringify
FN:133,safeParse
FN:141,transformForApiResponse
FN:144,collectBigIntFields
FN:182,createBigIntConverter
FN:184,convert
FN:192,hasBigIntValues
FN:215,needsBigIntConversion
FN:222,exampleUsage
FNF:13
FNH:12
FNDA:33,bigIntReplacer
FNDA:37,bigIntReviver
FNDA:45,convertBigIntToString
FNDA:15,convertStringToBigInt
FNDA:6,safeStringify
FNDA:5,safeParse
FNDA:8,transformForApiResponse
FNDA:19,collectBigIntFields
FNDA:2,createBigIntConverter
FNDA:1,convert
FNDA:26,hasBigIntValues
FNDA:3,needsBigIntConversion
FNDA:0,exampleUsage
DA:9,1
DA:10,33
DA:11,16
DA:12,16
DA:13,17
DA:14,17
DA:20,1
DA:21,37
DA:22,19
DA:23,19
DA:24,16
DA:25,16
DA:26,19
DA:27,21
DA:28,21
DA:42,1
DA:43,1
DA:44,1
DA:45,1
DA:46,1
DA:47,1
DA:48,1
DA:49,1
DA:50,1
DA:51,1
DA:52,1
DA:71,1
DA:72,45
DA:73,2
DA:74,2
DA:76,45
DA:77,17
DA:78,17
DA:80,45
DA:81,4
DA:82,4
DA:84,45
DA:85,12
DA:86,12
DA:87,21
DA:88,21
DA:89,12
DA:90,12
DA:92,10
DA:93,10
DA:99,1
DA:100,15
DA:101,2
DA:102,2
DA:104,15
DA:105,1
DA:106,1
DA:108,15
DA:109,6
DA:110,6
DA:111,9
DA:112,4
DA:113,9
DA:114,5
DA:115,5
DA:116,9
DA:117,6
DA:118,6
DA:120,6
DA:121,6
DA:126,1
DA:127,6
DA:128,6
DA:133,1
DA:134,5
DA:135,5
DA:141,1
DA:142,8
DA:144,8
DA:145,19
DA:146,2
DA:147,2
DA:149,19
DA:150,5
DA:151,5
DA:152,5
DA:154,19
DA:155,1
DA:156,1
DA:158,19
DA:159,7
DA:160,7
DA:161,9
DA:162,9
DA:163,9
DA:164,7
DA:165,7
DA:167,4
DA:168,19
DA:170,8
DA:172,8
DA:173,8
DA:174,8
DA:175,8
DA:176,8
DA:182,1
DA:183,2
DA:184,2
DA:185,2
DA:186,2
DA:187,2
DA:192,1
DA:193,26
DA:194,2
DA:195,2
DA:197,26
DA:198,6
DA:199,6
DA:201,26
DA:202,2
DA:203,2
DA:205,26
DA:206,7
DA:207,7
DA:209,9
DA:210,9
DA:215,1
DA:216,3
DA:217,3
DA:222,1
DA:223,0
DA:224,0
DA:225,0
DA:226,0
DA:227,0
DA:228,0
DA:229,0
DA:230,0
DA:231,0
DA:234,0
DA:247,0
DA:248,0
LF:137
LH:125
BRDA:9,0,0,33
BRDA:10,1,0,16
BRDA:12,2,0,17
BRDA:20,3,0,37
BRDA:21,4,0,23
BRDA:21,5,0,19
BRDA:23,6,0,16
BRDA:26,7,0,21
BRDA:71,8,0,45
BRDA:72,9,0,44
BRDA:72,10,0,2
BRDA:74,11,0,43
BRDA:76,12,0,17
BRDA:78,13,0,26
BRDA:80,14,0,4
BRDA:82,15,0,22
BRDA:84,16,0,12
BRDA:86,17,0,21
BRDA:90,18,0,10
BRDA:99,19,0,15
BRDA:100,20,0,14
BRDA:100,21,0,2
BRDA:102,22,0,13
BRDA:104,23,0,1
BRDA:106,24,0,12
BRDA:108,25,0,6
BRDA:110,26,0,9
BRDA:111,27,0,5
BRDA:111,28,0,5
BRDA:111,29,0,4
BRDA:113,30,0,5
BRDA:105,31,0,2
BRDA:126,32,0,6
BRDA:133,33,0,5
BRDA:141,34,0,8
BRDA:174,35,0,4
BRDA:144,36,0,19
BRDA:145,37,0,18
BRDA:145,38,0,2
BRDA:147,39,0,17
BRDA:149,40,0,5
BRDA:152,41,0,12
BRDA:154,42,0,1
BRDA:156,43,0,11
BRDA:158,44,0,7
BRDA:160,45,0,9
BRDA:161,46,0,1
BRDA:161,47,0,8
BRDA:165,48,0,4
BRDA:155,49,0,2
BRDA:155,50,0,0
BRDA:182,51,0,2
BRDA:184,52,0,1
BRDA:192,53,0,26
BRDA:193,54,0,25
BRDA:193,55,0,2
BRDA:195,56,0,24
BRDA:197,57,0,6
BRDA:199,58,0,18
BRDA:201,59,0,2
BRDA:203,60,0,16
BRDA:205,61,0,7
BRDA:207,62,0,9
BRDA:215,63,0,3
BRF:64
BRH:63
end_of_record
TN:
SF:packages/hydra-transaction/src/utils/datum-builder.ts
FN:9,datumBuilder
FNF:1
FNH:1
FNDA:2,datumBuilder
DA:1,1
DA:9,1
DA:10,2
DA:12,2
DA:13,2
LF:5
LH:5
BRDA:9,0,0,2
BRF:1
BRH:1
end_of_record
TN:
SF:packages/hydra-transaction/src/utils/metadata.ts
FN:3,metadataObjToMetadatum
FN:41,areUint8ArraysEqual
FNF:2
FNH:1
FNDA:116,metadataObjToMetadatum
FNDA:0,areUint8ArraysEqual
DA:1,1
DA:3,1
DA:4,116
DA:5,116
DA:6,116
DA:7,4
DA:8,116
DA:9,60
DA:10,108
DA:11,17
DA:12,52
DA:13,1
DA:14,35
DA:16,11
DA:17,11
DA:18,22
DA:19,11
DA:20,11
DA:21,32
DA:23,23
DA:24,23
DA:26,1
DA:27,2
DA:28,1
DA:29,23
DA:31,22
DA:32,30
DA:33,22
DA:34,22
DA:35,23
DA:36,23
DA:37,0
DA:38,0
DA:39,116
DA:41,1
DA:42,0
DA:43,0
DA:44,0
DA:45,0
DA:46,0
DA:47,0
DA:48,0
DA:49,0
DA:50,0
DA:51,0
LF:45
LH:33
BRDA:3,0,0,116
BRDA:6,1,0,4
BRDA:8,2,0,112
BRDA:8,3,0,108
BRDA:8,4,0,60
BRDA:10,5,0,52
BRDA:10,6,0,17
BRDA:12,7,0,35
BRDA:12,8,0,1
BRDA:14,9,0,34
BRDA:14,10,0,32
BRDA:14,11,0,11
BRDA:21,12,0,23
BRDA:24,13,0,1
BRDA:29,14,0,22
BRDA:36,15,0,0
BRDA:17,16,0,22
BRDA:26,17,0,2
BRDA:31,18,0,30
BRF:19
BRH:18
end_of_record
TN:
SF:packages/hydra-transaction/src/utils/redeemer-builder.ts
FN:6,getRedeemerTag
FN:38,buildRedeemer
FN:71,emptyRedeemer
FNF:3
FNH:3
FNDA:34,getRedeemerTag
FNDA:15,buildRedeemer
FNDA:19,emptyRedeemer
DA:1,1
DA:6,1
DA:7,34
DA:8,34
DA:9,24
DA:10,34
DA:11,5
DA:12,34
DA:13,1
DA:14,34
DA:15,1
DA:16,34
DA:17,1
DA:18,34
DA:19,1
DA:20,34
DA:21,1
DA:22,34
DA:23,34
DA:38,1
DA:39,15
DA:40,15
DA:48,15
DA:49,15
DA:51,15
DA:53,15
DA:54,16
DA:55,15
DA:57,15
DA:58,15
DA:59,15
DA:60,15
DA:61,15
DA:62,15
DA:63,15
DA:64,15
DA:65,15
DA:66,15
DA:67,15
DA:68,15
DA:69,15
DA:70,15
DA:71,1
DA:79,19
DA:80,19
DA:81,19
DA:83,19
DA:84,19
DA:85,19
DA:86,19
DA:87,12
DA:88,12
DA:89,19
DA:90,2
DA:91,2
DA:92,19
DA:93,1
DA:94,1
DA:95,19
DA:96,1
DA:97,1
DA:98,19
DA:99,2
DA:100,2
DA:101,2
DA:102,19
DA:103,1
DA:104,19
DA:106,18
DA:107,18
DA:108,18
DA:109,18
DA:110,18
DA:111,19
DA:112,19
DA:113,19
DA:114,19
DA:115,19
DA:116,19
LF:79
LH:79
BRDA:6,0,0,34
BRDA:8,1,0,24
BRDA:10,2,0,5
BRDA:12,3,0,1
BRDA:14,4,0,1
BRDA:16,5,0,1
BRDA:18,6,0,1
BRDA:20,7,0,1
BRDA:38,8,0,15
BRDA:49,9,0,11
BRDA:49,10,0,7
BRDA:59,11,0,10
BRDA:59,12,0,12
BRDA:65,13,0,10
BRDA:65,14,0,1
BRDA:65,15,0,13
BRDA:66,16,0,10
BRDA:66,17,0,1
BRDA:66,18,0,13
BRDA:53,19,0,16
BRDA:71,20,0,19
BRDA:80,21,0,18
BRDA:80,22,0,14
BRDA:81,23,0,18
BRDA:81,24,0,16
BRDA:83,25,0,18
BRDA:83,26,0,6
BRDA:86,27,0,12
BRDA:89,28,0,2
BRDA:92,29,0,1
BRDA:95,30,0,1
BRDA:98,31,0,2
BRDA:102,32,0,1
BRDA:104,33,0,18
BRDA:111,34,0,17
BRDA:111,35,0,2
BRDA:111,36,0,16
BRDA:112,37,0,17
BRDA:112,38,0,2
BRDA:112,39,0,16
BRF:40
BRH:40
end_of_record
