TN:
SF:packages/core/src/cardanocli-wallet.ts
FN:51,constructor
FN:60,getAddressBech32
FN:69,getNetworkId
FN:73,paymentSKey
FN:77,paymentVKey
FN:81,signTx
FN:95,submitTx
FN:100,queryUTxOs
FNF:8
FNH:8
FNDA:38,constructor
FNDA:9,getAddressBech32
FNDA:6,getNetworkId
FNDA:14,paymentSKey
FNDA:6,paymentVKey
FNDA:9,signTx
FNDA:3,submitTx
FNDA:4,queryUTxOs
DA:52,38
DA:53,38
DA:54,38
DA:55,38
DA:56,38
DA:57,38
DA:61,9
DA:62,9
DA:66,9
DA:70,6
DA:74,14
DA:78,6
DA:82,9
DA:83,9
DA:85,9
DA:86,1
DA:88,7
DA:89,7
DA:91,2
DA:96,3
DA:97,2
DA:101,4
DA:102,3
LF:23
LH:23
BRDA:53,0,0,38
BRDA:53,0,1,22
BRDA:81,1,0,9
BRDA:85,2,0,1
BRDA:85,2,1,8
BRDA:85,3,0,9
BRDA:85,3,1,6
BRDA:85,3,2,1
BRDA:96,4,0,1
BRDA:96,4,1,2
BRDA:101,5,0,1
BRDA:101,5,1,3
BRF:12
BRH:12
end_of_record
TN:
SF:packages/core/src/embedded.ts
FN:17,privateKeyBech32ToPrivateKeyHex
FN:23,mnemonicToPrivateKeyHex
FN:29,privateKeyHexToBech32
FN:34,signingKeyToHexes
FN:41,bip32BytesToPrivateKeyHex
FN:46,getAddresses
FN:72,generateMnemonic
FN:158,constructor
FN:181,getPrivateKeyHex
FN:186,getAccount
FN:231,getNetworkId
FN:243,signTx
FN:263,signData
FN:267,(anonymous_13)
FNF:14
FNH:12
FNDA:21,privateKeyBech32ToPrivateKeyHex
FNDA:21,mnemonicToPrivateKeyHex
FNDA:21,privateKeyHexToBech32
FNDA:21,signingKeyToHexes
FNDA:21,bip32BytesToPrivateKeyHex
FNDA:21,getAddresses
FNDA:21,generateMnemonic
FNDA:70,constructor
FNDA:7,getPrivateKeyHex
FNDA:57,getAccount
FNDA:7,getNetworkId
FNDA:8,signTx
FNDA:0,signData
FNDA:0,(anonymous_13)
DA:18,6
DA:19,6
DA:20,6
DA:24,91
DA:25,91
DA:26,91
DA:30,8
DA:31,8
DA:35,8
DA:42,2
DA:43,2
DA:55,59
DA:61,59
DA:63,59
DA:65,59
DA:73,14
DA:74,14
DA:159,70
DA:160,70
DA:162,70
DA:164,60
DA:165,60
DA:167,4
DA:168,4
DA:170,5
DA:174,5
DA:176,1
DA:177,1
DA:182,7
DA:183,7
DA:187,57
DA:189,57
DA:191,57
DA:197,57
DA:223,57
DA:232,7
DA:244,8
DA:245,8
DA:246,8
DA:247,8
DA:248,8
DA:249,8
DA:251,1
DA:264,0
DA:265,0
DA:267,0
DA:269,0
DA:270,0
DA:272,0
DA:273,0
DA:274,0
DA:275,0
DA:280,0
LF:53
LH:43
BRDA:23,0,0,91
BRDA:36,1,0,7
BRDA:36,1,1,1
BRDA:37,2,0,4
BRDA:37,2,1,4
BRDA:49,3,0,59
BRDA:72,4,0,14
BRDA:162,5,0,60
BRDA:162,5,1,4
BRDA:162,5,2,5
BRDA:162,5,3,1
BRDA:172,6,0,5
BRDA:172,6,1,2
BRDA:182,7,0,0
BRDA:182,7,1,7
BRDA:186,8,0,57
BRDA:186,9,0,57
BRDA:187,10,0,0
BRDA:187,10,1,57
BRDA:243,11,0,8
BRDA:243,12,0,8
BRDA:263,13,0,0
BRDA:263,14,0,0
BRDA:269,15,0,0
BRDA:269,15,1,0
BRF:25
BRH:19
end_of_record
TN:
SF:packages/core/src/wallet.ts
FN:14,constructor
FN:49,getAccount
FN:53,getEnterpriseAddress
FN:58,getPaymentAddress
FN:63,getRewardAddress
FN:68,getNetworkId
FN:72,signTx
FN:87,brew
FN:91,signData
FN:96,(anonymous_9)
FN:104,signTxs
FN:106,(anonymous_11)
FN:112,submitTx
FN:117,getFetcher
FN:121,getSubmitter
FN:125,queryUTxOs
FNF:16
FNH:16
FNDA:44,constructor
FNDA:3,getAccount
FNDA:6,getEnterpriseAddress
FNDA:10,getPaymentAddress
FNDA:4,getRewardAddress
FNDA:3,getNetworkId
FNDA:16,signTx
FNDA:20,brew
FNDA:1,signData
FNDA:1,(anonymous_9)
FNDA:2,signTxs
FNDA:3,(anonymous_11)
FNDA:4,submitTx
FNDA:3,getFetcher
FNDA:3,getSubmitter
FNDA:5,queryUTxOs
DA:15,44
DA:16,44
DA:18,44
DA:20,40
DA:27,40
DA:29,2
DA:36,2
DA:38,2
DA:50,3
DA:54,6
DA:55,6
DA:59,10
DA:60,10
DA:64,4
DA:65,4
DA:69,3
DA:73,16
DA:74,16
DA:76,16
DA:77,1
DA:79,14
DA:80,14
DA:81,14
DA:83,2
DA:88,5
DA:92,1
DA:95,1
DA:96,1
DA:97,1
DA:100,0
DA:105,2
DA:106,3
DA:108,0
DA:113,4
DA:114,3
DA:118,3
DA:122,3
DA:126,5
DA:127,4
LF:39
LH:37
BRDA:18,0,0,40
BRDA:18,0,1,2
BRDA:18,0,2,2
BRDA:49,1,0,3
BRDA:49,2,0,3
BRDA:53,3,0,6
BRDA:53,4,0,6
BRDA:58,5,0,10
BRDA:58,6,0,10
BRDA:63,7,0,4
BRDA:63,8,0,4
BRDA:72,9,0,16
BRDA:72,10,0,16
BRDA:72,11,0,16
BRDA:76,12,0,1
BRDA:76,12,1,15
BRDA:76,13,0,16
BRDA:76,13,1,12
BRDA:76,13,2,1
BRDA:87,14,0,5
BRDA:91,15,0,1
BRDA:91,16,0,1
BRDA:113,17,0,1
BRDA:113,17,1,3
BRDA:126,18,0,1
BRDA:126,18,1,4
BRF:26
BRH:26
end_of_record
TN:
SF:packages/core/src/utils/address.ts
FN:9,(anonymous_0)
FN:44,getPubkeyHashFromAddress
FNF:2
FNH:2
FNDA:45,(anonymous_0)
FNDA:9,getPubkeyHashFromAddress
DA:9,18
DA:10,45
DA:11,45
DA:12,45
DA:13,36
DA:14,32
DA:15,27
DA:16,5
DA:17,4
DA:19,1
DA:21,9
DA:22,4
DA:23,3
DA:25,5
DA:27,20
DA:28,20
DA:30,14
DA:45,9
DA:46,9
DA:47,4
DA:49,5
DA:50,5
DA:51,9
DA:53,0
LF:24
LH:23
BRDA:9,0,0,45
BRDA:12,1,0,36
BRDA:12,1,1,9
BRDA:13,2,0,4
BRDA:13,2,1,32
BRDA:14,3,0,27
BRDA:14,3,1,5
BRDA:16,4,0,4
BRDA:16,4,1,1
BRDA:21,5,0,4
BRDA:21,5,1,5
BRDA:22,6,0,1
BRDA:22,6,1,3
BRDA:27,7,0,0
BRDA:27,7,1,20
BRDA:46,8,0,4
BRDA:46,8,1,5
BRDA:51,9,0,9
BRDA:51,9,1,0
BRF:19
BRH:17
end_of_record
TN:
SF:packages/core/src/utils/cbor.ts
FN:10,(anonymous_0)
FNF:1
FNH:1
FNDA:2,(anonymous_0)
DA:10,20
DA:11,2
DA:12,2
DA:13,2
DA:15,2
DA:16,2
DA:17,2
DA:19,1
LF:8
LH:8
BRF:0
BRH:0
end_of_record
TN:
SF:packages/core/src/utils/cost-models.ts
FN:4,buildCostModels
FN:18,(anonymous_1)
FN:24,(anonymous_2)
FN:30,(anonymous_3)
FN:55,(anonymous_4)
FNF:5
FNH:5
FNDA:2,buildCostModels
FNDA:664,(anonymous_1)
FNDA:664,(anonymous_2)
FNDA:700,(anonymous_3)
FNDA:11,(anonymous_4)
DA:13,2
DA:14,0
DA:16,2
DA:17,2
DA:19,664
DA:22,2
DA:23,2
DA:25,664
DA:28,2
DA:29,2
DA:31,700
DA:34,2
DA:35,2
DA:36,2
DA:37,2
DA:38,2
DA:55,19
DA:56,11
DA:57,2
DA:63,11
LF:20
LH:19
BRDA:13,0,0,0
BRDA:13,0,1,2
BRDA:13,1,0,2
BRDA:13,1,1,0
BRDA:13,1,2,0
BRDA:17,2,0,2
BRDA:17,2,1,2
BRDA:23,3,0,2
BRDA:23,3,1,2
BRDA:29,4,0,2
BRDA:29,4,1,2
BRDA:35,5,0,2
BRDA:35,5,1,2
BRDA:36,6,0,2
BRDA:36,6,1,2
BRDA:37,7,0,2
BRDA:37,7,1,2
BRDA:56,8,0,2
BRDA:56,8,1,9
BRF:19
BRH:16
end_of_record
TN:
SF:packages/core/src/utils/datum.ts
FN:5,(anonymous_0)
FN:21,(anonymous_1)
FN:23,(anonymous_2)
FN:25,(anonymous_3)
FN:30,(anonymous_4)
FN:32,(anonymous_5)
FN:36,(anonymous_6)
FN:38,(anonymous_7)
FN:90,(anonymous_8)
FN:100,(anonymous_9)
FN:108,(anonymous_10)
FN:109,(anonymous_11)
FN:115,(anonymous_12)
FN:115,(anonymous_13)
FN:122,(anonymous_14)
FN:130,(anonymous_15)
FN:138,(anonymous_16)
FN:159,(anonymous_17)
FN:188,(anonymous_18)
FNF:19
FNH:19
FNDA:34,(anonymous_0)
FNDA:19,(anonymous_1)
FNDA:36,(anonymous_2)
FNDA:35,(anonymous_3)
FNDA:5,(anonymous_4)
FNDA:6,(anonymous_5)
FNDA:2,(anonymous_6)
FNDA:5,(anonymous_7)
FNDA:2,(anonymous_8)
FNDA:3,(anonymous_9)
FNDA:1,(anonymous_10)
FNDA:2,(anonymous_11)
FNDA:1,(anonymous_12)
FNDA:3,(anonymous_13)
FNDA:1,(anonymous_14)
FNDA:6,(anonymous_15)
FNDA:6,(anonymous_16)
FNDA:4,(anonymous_17)
FNDA:4,(anonymous_18)
DA:5,22
DA:6,34
DA:21,22
DA:23,22
DA:24,36
DA:25,36
DA:26,36
DA:27,36
DA:30,22
DA:31,5
DA:32,6
DA:33,5
DA:36,22
DA:37,2
DA:38,5
DA:39,2
DA:42,22
DA:90,22
DA:100,22
DA:108,22
DA:109,2
DA:115,22
DA:122,22
DA:123,1
DA:130,22
DA:131,6
DA:138,22
DA:139,6
DA:140,6
DA:141,6
DA:142,6
DA:143,6
DA:144,6
DA:159,22
DA:160,4
DA:162,4
DA:163,4
DA:166,4
DA:167,4
DA:169,4
DA:188,22
DA:189,4
DA:190,4
DA:191,4
DA:192,4
DA:194,4
DA:196,4
DA:197,4
DA:200,4
DA:201,2
DA:205,2
DA:206,2
DA:207,2
DA:208,0
DA:210,2
DA:211,2
LF:56
LH:55
BRDA:7,0,0,1
BRDA:7,0,1,33
BRDA:90,1,0,1
BRDA:90,1,1,1
BRDA:100,2,0,1
BRDA:100,2,1,2
BRDA:109,3,0,1
BRDA:109,3,1,1
BRDA:131,4,0,5
BRDA:131,4,1,1
BRDA:140,5,0,0
BRDA:140,5,1,6
BRDA:142,6,0,0
BRDA:142,6,1,6
BRDA:144,7,0,5
BRDA:144,7,1,1
BRDA:163,8,0,0
BRDA:163,8,1,4
BRDA:171,9,0,2
BRDA:171,9,1,2
BRDA:188,10,0,4
BRDA:190,11,0,0
BRDA:190,11,1,4
BRDA:192,12,0,0
BRDA:192,12,1,4
BRDA:197,13,0,0
BRDA:197,13,1,4
BRDA:200,14,0,2
BRDA:200,14,1,2
BRDA:206,15,0,0
BRDA:206,15,1,2
BRDA:207,16,0,0
BRDA:207,16,1,2
BRF:33
BRH:25
end_of_record
TN:
SF:packages/core/src/utils/keys.util.ts
FN:32,(anonymous_0)
FN:57,(anonymous_1)
FN:84,(anonymous_2)
FN:102,(anonymous_3)
FNF:4
FNH:4
FNDA:21,(anonymous_0)
FNDA:9,(anonymous_1)
FNDA:25,(anonymous_2)
FNDA:16,(anonymous_3)
DA:32,19
DA:33,21
DA:34,21
DA:35,21
DA:37,21
DA:38,21
DA:40,21
DA:57,19
DA:58,9
DA:59,9
DA:60,9
DA:62,9
DA:63,9
DA:65,9
DA:84,19
DA:85,25
DA:86,25
DA:87,25
DA:88,25
DA:102,19
DA:107,16
DA:109,16
DA:110,16
DA:112,16
DA:118,16
DA:120,16
LF:26
LH:26
BRDA:104,0,0,16
BRDA:105,1,0,16
BRF:2
BRH:2
end_of_record
TN:
SF:packages/core/src/utils/metadata.ts
FN:7,(anonymous_0)
FN:21,(anonymous_1)
FN:50,(anonymous_2)
FN:56,(anonymous_3)
FN:62,(anonymous_4)
FNF:5
FNH:5
FNDA:43,(anonymous_0)
FNDA:105,(anonymous_1)
FNDA:20,(anonymous_2)
FNDA:4,(anonymous_3)
FNDA:21,(anonymous_4)
DA:4,20
DA:5,20
DA:7,43
DA:21,20
DA:24,105
DA:25,4
DA:26,101
DA:27,43
DA:28,43
DA:29,0
DA:33,43
DA:34,58
DA:35,24
DA:36,0
DA:40,24
DA:41,34
DA:42,3
DA:43,0
DA:47,3
DA:48,31
DA:49,9
DA:50,9
DA:51,20
DA:53,9
DA:54,22
DA:55,3
DA:56,3
DA:57,4
DA:59,3
DA:60,19
DA:61,14
DA:62,14
DA:63,21
DA:65,14
DA:67,5
LF:35
LH:32
BRDA:24,0,0,4
BRDA:24,0,1,101
BRDA:26,1,0,43
BRDA:26,1,1,58
BRDA:28,2,0,0
BRDA:28,2,1,43
BRDA:30,3,0,0
BRDA:30,3,1,0
BRDA:34,4,0,24
BRDA:34,4,1,34
BRDA:35,5,0,0
BRDA:35,5,1,24
BRDA:41,6,0,3
BRDA:41,6,1,31
BRDA:42,7,0,0
BRDA:42,7,1,3
BRDA:48,8,0,9
BRDA:48,8,1,22
BRDA:54,9,0,3
BRDA:54,9,1,19
BRDA:60,10,0,14
BRDA:60,10,1,5
BRDA:60,11,0,19
BRDA:60,11,1,18
BRF:24
BRH:19
end_of_record
TN:
SF:packages/core/src/utils/parser.ts
FN:8,assert_bytes
FN:14,isBytes
FN:20,asciiToBase16
FN:28,(anonymous_3)
FN:38,(anonymous_4)
FN:55,(anonymous_5)
FN:79,(anonymous_6)
FN:90,(anonymous_7)
FN:102,(anonymous_8)
FN:117,(anonymous_9)
FN:127,(anonymous_10)
FNF:11
FNH:8
FNDA:146,assert_bytes
FNDA:146,isBytes
FNDA:17146,asciiToBase16
FNDA:7168,(anonymous_3)
FNDA:146,(anonymous_4)
FNDA:260,(anonymous_5)
FNDA:44,(anonymous_6)
FNDA:0,(anonymous_7)
FNDA:190,(anonymous_8)
FNDA:0,(anonymous_9)
FNDA:0,(anonymous_10)
DA:9,146
DA:10,146
DA:11,0
DA:15,146
DA:19,28
DA:21,17146
DA:22,4933
DA:23,4925
DA:24,0
DA:28,7168
DA:38,28
DA:39,146
DA:40,146
DA:42,146
DA:43,146
DA:44,4563
DA:46,146
DA:55,28
DA:56,260
DA:57,260
DA:58,260
DA:59,260
DA:60,260
DA:61,260
DA:62,8573
DA:63,8573
DA:64,8573
DA:65,0
DA:66,0
DA:68,8573
DA:70,260
DA:79,28
DA:80,44
DA:81,44
DA:90,28
DA:91,0
DA:92,0
DA:102,28
DA:104,190
DA:105,180
DA:108,10
DA:117,28
DA:118,0
DA:127,28
DA:128,0
LF:45
LH:37
BRDA:9,0,0,0
BRDA:9,0,1,146
BRDA:10,1,0,0
BRDA:10,1,1,146
BRDA:10,2,0,146
BRDA:10,2,1,0
BRDA:15,3,0,146
BRDA:15,3,1,0
BRDA:15,3,2,0
BRDA:15,3,3,0
BRDA:21,4,0,12213
BRDA:21,4,1,4933
BRDA:21,5,0,17146
BRDA:21,5,1,17146
BRDA:22,6,0,8
BRDA:22,6,1,4925
BRDA:22,7,0,4933
BRDA:22,7,1,4933
BRDA:23,8,0,4925
BRDA:23,8,1,0
BRDA:23,9,0,4925
BRDA:23,9,1,4925
BRDA:39,10,0,146
BRDA:39,10,1,0
BRDA:56,11,0,0
BRDA:56,11,1,260
BRDA:59,12,0,0
BRDA:59,12,1,260
BRDA:64,13,0,0
BRDA:64,13,1,8573
BRDA:64,14,0,8573
BRDA:64,14,1,8573
BRDA:104,15,0,180
BRDA:104,15,1,10
BRDA:104,16,0,190
BRDA:104,16,1,183
BRF:36
BRH:25
end_of_record
TN:
SF:packages/core/src/utils/plutus-script.util.ts
FN:9,applyParamsToScript
FN:12,(anonymous_1)
FN:29,mintingPolicyToId
FN:36,validatorToScriptHash
FN:58,validatorToAddress
FNF:5
FNH:5
FNDA:1,applyParamsToScript
FNDA:1,(anonymous_1)
FNDA:1,mintingPolicyToId
FNDA:3,validatorToScriptHash
FNDA:1,validatorToAddress
DA:10,1
DA:11,1
DA:12,1
DA:13,1
DA:14,1
DA:15,1
DA:18,1
DA:22,0
DA:30,1
DA:37,3
DA:39,0
DA:41,0
DA:43,3
DA:45,0
DA:47,0
DA:59,1
DA:60,1
DA:64,1
DA:66,0
DA:71,0
LF:20
LH:13
BRDA:37,0,0,0
BRDA:37,0,1,0
BRDA:37,0,2,3
BRDA:37,0,3,0
BRDA:37,0,4,0
BRDA:59,1,0,1
BRDA:59,1,1,0
BRF:7
BRH:2
end_of_record
TN:
SF:packages/core/src/utils/policy.ts
FN:15,(anonymous_0)
FN:28,(anonymous_1)
FN:45,(anonymous_2)
FN:58,(anonymous_3)
FNF:4
FNH:4
FNDA:8,(anonymous_0)
FNDA:11,(anonymous_1)
FNDA:17,(anonymous_2)
FNDA:10,(anonymous_3)
DA:15,20
DA:16,8
DA:17,8
DA:18,8
DA:19,8
DA:28,20
DA:29,11
DA:30,11
DA:31,0
DA:33,9
DA:34,11
DA:35,0
DA:37,9
DA:45,20
DA:46,17
DA:47,17
DA:48,17
DA:49,17
DA:58,20
DA:59,10
DA:60,10
LF:21
LH:19
BRDA:19,0,0,8
BRDA:19,0,1,0
BRDA:30,1,0,0
BRDA:30,1,1,11
BRDA:34,2,0,0
BRDA:34,2,1,11
BRDA:49,3,0,17
BRDA:49,3,1,0
BRF:8
BRH:4
end_of_record
TN:
SF:packages/core/src/utils/redeemer.ts
FN:38,(anonymous_0)
FN:48,(anonymous_1)
FN:75,(anonymous_2)
FN:84,(anonymous_3)
FN:90,(anonymous_4)
FN:99,(anonymous_5)
FNF:6
FNH:6
FNDA:8,(anonymous_0)
FNDA:15,(anonymous_1)
FNDA:6,(anonymous_2)
FNDA:2,(anonymous_3)
FNDA:1,(anonymous_4)
FNDA:1,(anonymous_5)
DA:33,20
DA:38,20
DA:39,8
DA:48,20
DA:49,15
DA:51,5
DA:53,5
DA:55,1
DA:57,1
DA:59,1
DA:61,2
DA:63,0
DA:75,20
DA:76,6
DA:84,20
DA:87,2
DA:90,20
DA:93,1
DA:99,20
DA:100,1
LF:20
LH:19
BRDA:38,0,0,8
BRDA:48,1,0,15
BRDA:49,2,0,5
BRDA:49,2,1,5
BRDA:49,2,2,1
BRDA:49,2,3,1
BRDA:49,2,4,1
BRDA:49,2,5,2
BRDA:49,2,6,0
BRDA:77,3,0,6
BRDA:77,3,1,1
BRDA:78,4,0,6
BRDA:78,4,1,4
BRDA:80,5,0,6
BRDA:80,5,1,5
BRF:15
BRH:14
end_of_record
TN:
SF:packages/core/src/utils/time.ts
FN:4,(anonymous_0)
FN:15,(anonymous_1)
FN:27,(anonymous_2)
FN:37,(anonymous_3)
FN:55,(anonymous_4)
FNF:5
FNH:5
FNDA:13,(anonymous_0)
FNDA:26,(anonymous_1)
FNDA:7,(anonymous_2)
FNDA:8,(anonymous_3)
FNDA:12,(anonymous_4)
DA:4,20
DA:5,13
DA:6,13
DA:15,20
DA:16,26
DA:17,26
DA:18,26
DA:27,20
DA:28,7
DA:37,20
DA:38,8
DA:40,8
DA:41,8
DA:43,8
DA:55,20
DA:59,12
LF:16
LH:16
BRDA:27,0,0,7
BRDA:37,1,0,8
BRDA:61,2,0,12
BRDA:61,2,1,10
BRDA:62,3,0,12
BRDA:62,3,1,9
BRDA:63,4,0,12
BRDA:63,4,1,10
BRDA:64,5,0,12
BRDA:64,5,1,9
BRF:10
BRH:10
end_of_record
TN:
SF:packages/core/src/utils/validation.ts
FN:9,(anonymous_0)
FNF:1
FNH:1
FNDA:16,(anonymous_0)
DA:9,19
DA:10,16
DA:11,16
DA:12,16
DA:14,9
LF:5
LH:5
BRDA:12,0,0,7
BRDA:12,0,1,0
BRF:2
BRH:1
end_of_record
TN:
SF:packages/core/src/utils/validator.util.ts
FNF:0
FNH:0
LF:0
LH:0
BRF:0
BRH:0
end_of_record
TN:
SF:packages/core/src/utils/cardano-wasm/build-keys.ts
FN:4,(anonymous_0)
FN:14,(anonymous_1)
FN:26,(anonymous_2)
FN:39,(anonymous_3)
FN:63,(anonymous_4)
FN:68,(anonymous_5)
FN:72,(anonymous_6)
FN:79,harden
FN:83,(anonymous_8)
FN:141,(anonymous_9)
FN:159,(anonymous_10)
FNF:11
FNH:10
FNDA:62,(anonymous_0)
FNDA:61,(anonymous_1)
FNDA:61,(anonymous_2)
FNDA:0,(anonymous_3)
FNDA:22,(anonymous_4)
FNDA:22,(anonymous_5)
FNDA:22,(anonymous_6)
FNDA:261,harden
FNDA:88,(anonymous_8)
FNDA:3,(anonymous_9)
FNDA:118,(anonymous_10)
DA:4,22
DA:9,62
DA:10,62
DA:11,62
DA:14,22
DA:22,61
DA:23,61
DA:26,22
DA:35,61
DA:36,61
DA:39,22
DA:58,0
DA:59,0
DA:63,22
DA:64,22
DA:68,22
DA:69,22
DA:72,22
DA:73,22
DA:74,22
DA:75,22
DA:76,22
DA:80,261
DA:83,22
DA:93,88
DA:94,1
DA:106,87
DA:109,87
DA:114,87
DA:117,87
DA:120,87
DA:124,87
DA:141,22
DA:142,3
DA:143,3
DA:145,3
DA:146,3
DA:147,3
DA:149,3
DA:159,22
DA:160,118
DA:161,2
DA:164,116
DA:165,116
LF:44
LH:42
BRDA:41,0,0,0
BRDA:63,1,0,22
BRDA:63,1,1,22
BRDA:68,2,0,22
BRDA:68,2,1,22
BRDA:72,3,0,22
BRDA:72,3,1,22
BRDA:86,4,0,88
BRDA:93,5,0,1
BRDA:93,5,1,87
BRDA:142,6,0,3
BRDA:142,6,1,0
BRDA:145,7,0,3
BRDA:145,7,1,0
BRDA:160,8,0,2
BRDA:160,8,1,116
BRF:16
BRH:13
end_of_record
TN:
SF:packages/core/src/utils/cardano-wasm/converter.ts
FN:13,(anonymous_0)
FN:76,(anonymous_1)
FN:80,(anonymous_2)
FN:87,(anonymous_3)
FN:176,(anonymous_4)
FN:209,(anonymous_5)
FN:213,(anonymous_6)
FNF:7
FNH:7
FNDA:3,(anonymous_0)
FNDA:25,(anonymous_1)
FNDA:25,(anonymous_2)
FNDA:4,(anonymous_3)
FNDA:23,(anonymous_4)
FNDA:5,(anonymous_5)
FNDA:5,(anonymous_6)
DA:11,19
DA:13,19
DA:14,3
DA:16,3
DA:17,4
DA:18,4
DA:19,4
DA:20,4
DA:22,4
DA:23,1
DA:24,1
DA:25,1
DA:27,3
DA:30,4
DA:31,4
DA:32,4
DA:33,4
DA:34,4
DA:35,4
DA:38,0
DA:39,0
DA:40,0
DA:41,0
DA:42,0
DA:44,0
DA:47,4
DA:65,3
DA:76,19
DA:77,25
DA:80,19
DA:84,25
DA:85,25
DA:86,25
DA:87,25
DA:88,4
DA:89,0
DA:90,0
DA:91,0
DA:94,4
DA:97,25
DA:98,36
DA:99,36
DA:101,36
DA:102,36
DA:104,36
DA:105,36
DA:107,36
DA:108,36
DA:115,36
DA:116,36
DA:118,0
DA:119,0
DA:121,0
DA:122,0
DA:130,36
DA:131,36
DA:133,36
DA:134,5
DA:135,5
DA:136,1
DA:138,4
DA:139,4
DA:141,31
DA:142,0
DA:143,0
DA:144,0
DA:146,0
DA:147,0
DA:149,31
DA:150,0
DA:156,36
DA:173,25
DA:176,19
DA:177,23
DA:178,23
DA:179,17
DA:181,14
DA:182,14
DA:183,14
DA:184,14
DA:185,19
DA:186,19
DA:187,12
DA:188,12
DA:190,7
DA:192,14
DA:195,14
DA:196,4
DA:197,4
DA:198,4
DA:199,7
DA:200,7
DA:201,5
DA:203,7
DA:204,6
DA:206,7
DA:207,7
DA:209,4
DA:210,5
DA:211,5
DA:213,5
DA:214,5
DA:215,5
DA:217,5
DA:219,4
DA:224,9
DA:227,12
DA:228,1
DA:230,11
DA:231,2
DA:233,11
DA:234,1
DA:235,1
DA:238,11
DA:241,11
DA:243,12
LF:116
LH:97
BRDA:22,0,0,1
BRDA:22,0,1,3
BRDA:27,1,0,3
BRDA:27,1,1,1
BRDA:33,2,0,4
BRDA:33,2,1,0
BRDA:40,3,0,0
BRDA:40,3,1,0
BRDA:51,4,0,0
BRDA:51,4,1,4
BRDA:57,5,0,1
BRDA:57,5,1,3
BRDA:82,6,0,25
BRDA:85,7,0,25
BRDA:85,7,1,25
BRDA:88,8,0,0
BRDA:88,8,1,4
BRDA:88,9,0,4
BRDA:88,9,1,4
BRDA:90,10,0,0
BRDA:90,10,1,0
BRDA:99,11,0,0
BRDA:99,11,1,36
BRDA:102,12,0,0
BRDA:102,12,1,36
BRDA:102,13,0,36
BRDA:102,13,1,36
BRDA:111,14,0,36
BRDA:111,14,1,0
BRDA:116,15,0,36
BRDA:116,15,1,0
BRDA:119,16,0,0
BRDA:119,16,1,0
BRDA:119,17,0,0
BRDA:119,17,1,0
BRDA:133,18,0,5
BRDA:133,18,1,31
BRDA:135,19,0,1
BRDA:135,19,1,4
BRDA:141,20,0,0
BRDA:141,20,1,31
BRDA:143,21,0,0
BRDA:143,21,1,0
BRDA:149,22,0,0
BRDA:149,22,1,31
BRDA:149,23,0,31
BRDA:149,23,1,0
BRDA:178,24,0,4
BRDA:178,24,1,19
BRDA:179,25,0,3
BRDA:179,25,1,14
BRDA:186,26,0,12
BRDA:186,26,1,7
BRDA:195,27,0,4
BRDA:195,27,1,9
BRDA:200,28,0,5
BRDA:200,28,1,2
BRDA:203,29,0,6
BRDA:203,29,1,1
BRDA:227,30,0,1
BRDA:227,30,1,11
BRDA:227,31,0,12
BRDA:227,31,1,3
BRDA:230,32,0,2
BRDA:230,32,1,9
BRDA:233,33,0,1
BRDA:233,33,1,10
BRDA:238,34,0,0
BRDA:238,34,1,11
BRF:69
BRH:48
end_of_record
TN:
SF:packages/core/src/utils/cardano-wasm/deserializer.ts
FN:7,(anonymous_0)
FN:11,(anonymous_1)
FN:33,(anonymous_2)
FN:117,(anonymous_3)
FN:131,(anonymous_4)
FN:146,(anonymous_5)
FN:160,deserializeAmountsFromTx
FN:188,(anonymous_7)
FNF:8
FNH:6
FNDA:27,(anonymous_0)
FNDA:24,(anonymous_1)
FNDA:7,(anonymous_2)
FNDA:9,(anonymous_3)
FNDA:4,(anonymous_4)
FNDA:3,(anonymous_5)
FNDA:0,deserializeAmountsFromTx
FNDA:0,(anonymous_7)
DA:7,21
DA:8,27
DA:11,21
DA:12,24
DA:13,24
DA:14,24
DA:33,21
DA:34,7
DA:35,7
DA:37,7
DA:38,7
DA:39,7
DA:40,7
DA:42,5
DA:43,1
DA:45,1
DA:46,1
DA:48,6
DA:49,1
DA:50,1
DA:51,1
DA:52,1
DA:53,1
DA:55,1
DA:62,5
DA:64,2
DA:65,2
DA:67,2
DA:69,2
DA:75,3
DA:77,1
DA:78,1
DA:80,1
DA:82,1
DA:88,2
DA:90,1
DA:91,1
DA:93,1
DA:94,1
DA:99,1
DA:100,1
DA:103,0
DA:108,2
DA:117,21
DA:119,9
DA:120,2
DA:121,7
DA:122,2
DA:123,5
DA:124,4
DA:126,1
DA:128,7
DA:131,21
DA:132,4
DA:133,4
DA:134,4
DA:136,1
DA:146,21
DA:147,3
DA:148,3
DA:149,3
DA:151,1
DA:161,0
DA:162,0
DA:164,0
DA:165,0
DA:168,0
DA:169,0
DA:172,0
DA:173,0
DA:174,0
DA:175,0
DA:176,0
DA:177,0
DA:178,0
DA:179,0
DA:180,0
DA:181,0
DA:182,0
DA:188,0
LF:80
LH:61
BRDA:40,0,0,5
BRDA:40,0,1,1
BRDA:40,1,0,7
BRDA:40,1,1,6
BRDA:43,2,0,1
BRDA:43,2,1,0
BRDA:43,3,0,1
BRDA:43,3,1,1
BRDA:45,4,0,1
BRDA:45,4,1,0
BRDA:45,5,0,1
BRDA:45,5,1,0
BRDA:48,6,0,1
BRDA:48,6,1,5
BRDA:51,7,0,1
BRDA:51,7,1,0
BRDA:51,8,0,1
BRDA:51,8,1,1
BRDA:51,9,0,1
BRDA:51,9,1,0
BRDA:53,10,0,1
BRDA:53,10,1,0
BRDA:53,11,0,1
BRDA:53,11,1,1
BRDA:53,12,0,1
BRDA:53,12,1,0
BRDA:62,13,0,2
BRDA:62,13,1,3
BRDA:67,14,0,1
BRDA:67,14,1,1
BRDA:67,15,0,2
BRDA:67,15,1,2
BRDA:75,16,0,1
BRDA:75,16,1,2
BRDA:80,17,0,1
BRDA:80,17,1,0
BRDA:80,18,0,1
BRDA:80,18,1,1
BRDA:88,19,0,1
BRDA:88,19,1,1
BRDA:93,20,0,1
BRDA:93,20,1,0
BRDA:93,21,0,1
BRDA:93,21,1,1
BRDA:99,22,0,1
BRDA:99,22,1,0
BRDA:117,23,0,9
BRDA:119,24,0,2
BRDA:119,24,1,7
BRDA:121,25,0,2
BRDA:121,25,1,5
BRDA:123,26,0,4
BRDA:123,26,1,1
BRDA:131,27,0,4
BRDA:169,28,0,0
BRDA:169,28,1,0
BRDA:173,29,0,0
BRDA:173,29,1,0
BRDA:173,30,0,0
BRDA:173,30,1,0
BRDA:182,31,0,0
BRDA:182,31,1,0
BRF:62
BRH:44
end_of_record
TN:
SF:packages/core/src/utils/cardano-wasm/resolver.ts
FN:8,(anonymous_0)
FN:15,(anonymous_1)
FNF:2
FNH:2
FNDA:12,(anonymous_0)
FNDA:3,(anonymous_1)
DA:8,22
DA:9,12
DA:10,12
DA:11,12
DA:12,12
DA:15,22
DA:16,3
DA:17,3
LF:8
LH:8
BRF:0
BRH:0
end_of_record
TN:
SF:packages/core/src/utils/cardano-wasm/serializer.ts
FN:1,(anonymous_0)
FNF:1
FNH:1
FNDA:8,(anonymous_0)
DA:1,19
DA:2,8
LF:2
LH:2
BRF:0
BRH:0
end_of_record
TN:
SF:packages/core/src/utils/providers/base.ts
FNF:0
FNH:0
LF:0
LH:0
BRF:0
BRH:0
end_of_record
TN:
SF:packages/core/src/utils/providers/blockfrost.provider.ts
FN:66,constructor
FN:89,buildFetcher
FN:90,(anonymous_2)
FN:94,(anonymous_3)
FN:131,buildSubmitter
FN:132,(anonymous_5)
FN:152,toUTxO
FN:153,(anonymous_7)
FN:160,(anonymous_8)
FNF:9
FNH:9
FNDA:35,constructor
FNDA:33,buildFetcher
FNDA:11,(anonymous_2)
FNDA:12,(anonymous_3)
FNDA:33,buildSubmitter
FNDA:8,(anonymous_5)
FNDA:7,toUTxO
FNDA:106,(anonymous_7)
FNDA:106,(anonymous_8)
DA:64,35
DA:67,35
DA:69,35
DA:70,35
DA:71,35
DA:72,2
DA:75,33
DA:77,33
DA:85,35
DA:86,35
DA:90,33
DA:91,11
DA:92,11
DA:94,11
DA:95,12
DA:102,10
DA:103,2
DA:105,2
DA:107,0
DA:108,8
DA:109,1
DA:110,7
DA:112,1
DA:113,1
DA:115,6
DA:119,11
DA:120,9
DA:122,2
DA:126,33
DA:132,33
DA:133,8
DA:134,8
DA:135,8
DA:137,7
DA:138,5
DA:140,2
DA:142,3
DA:143,3
DA:147,33
DA:153,106
DA:160,106
LF:41
LH:40
BRDA:71,0,0,2
BRDA:71,0,1,33
BRDA:78,1,0,33
BRDA:78,1,1,20
BRDA:78,2,0,20
BRDA:78,2,1,19
BRDA:92,3,0,1
BRDA:92,3,1,10
BRDA:102,4,0,2
BRDA:102,4,1,8
BRDA:102,5,0,10
BRDA:102,5,1,8
BRDA:103,6,0,2
BRDA:103,6,1,0
BRDA:108,7,0,1
BRDA:108,7,1,7
BRDA:108,8,0,8
BRDA:108,8,1,8
BRDA:110,9,0,1
BRDA:110,9,1,6
BRDA:110,10,0,7
BRDA:110,10,1,7
BRDA:137,11,0,5
BRDA:137,11,1,2
BRDA:137,12,0,7
BRDA:137,12,1,3
BRDA:164,13,0,106
BRDA:164,13,1,105
BRDA:165,14,0,1
BRDA:165,14,1,105
BRDA:168,15,0,106
BRDA:168,15,1,106
BRF:32
BRH:31
end_of_record
TN:
SF:packages/core/src/utils/providers/demeter.provider.ts
FN:47,constructor
FNF:1
FNH:1
FNDA:14,constructor
DA:48,14
DA:49,14
LF:2
LH:2
BRDA:48,0,0,14
BRDA:48,0,1,13
BRF:2
BRH:2
end_of_record
TN:
SF:packages/core/src/utils/providers/ogmios.provider.ts
FN:97,constructor
FN:110,(anonymous_1)
FN:113,(anonymous_2)
FN:118,buildFetcher
FN:120,(anonymous_4)
FN:125,(anonymous_5)
FN:125,(anonymous_6)
FN:136,buildSubmitter
FN:138,(anonymous_8)
FN:158,rpcRequest
FN:176,toUTxO
FN:177,(anonymous_11)
FN:180,(anonymous_12)
FN:184,(anonymous_13)
FN:194,(anonymous_14)
FN:211,(anonymous_15)
FNF:16
FNH:14
FNDA:19,constructor
FNDA:0,(anonymous_1)
FNDA:0,(anonymous_2)
FNDA:19,buildFetcher
FNDA:10,(anonymous_4)
FNDA:9,(anonymous_5)
FNDA:3,(anonymous_6)
FNDA:19,buildSubmitter
FNDA:4,(anonymous_8)
FNDA:14,rpcRequest
FNDA:9,toUTxO
FNDA:9,(anonymous_11)
FNDA:11,(anonymous_12)
FNDA:2,(anonymous_13)
FNDA:9,(anonymous_14)
FNDA:9,(anonymous_15)
DA:98,19
DA:100,19
DA:101,19
DA:103,19
DA:110,19
DA:111,0
DA:113,19
DA:114,0
DA:120,19
DA:121,10
DA:122,10
DA:125,9
DA:127,1
DA:128,1
DA:131,19
DA:138,19
DA:139,4
DA:140,4
DA:145,3
DA:146,1
DA:148,2
DA:150,2
DA:153,19
DA:159,14
DA:160,14
DA:169,12
DA:171,2
DA:172,2
DA:177,9
DA:178,9
DA:180,9
DA:181,11
DA:182,9
DA:184,2
DA:185,2
DA:186,2
DA:191,9
DA:194,9
DA:195,9
DA:196,2
DA:199,1
DA:200,1
DA:203,1
DA:208,0
DA:211,9
LF:45
LH:42
BRDA:104,0,0,19
BRDA:104,0,1,1
BRDA:125,1,0,2
BRDA:125,1,1,7
BRDA:145,2,0,1
BRDA:145,2,1,2
BRDA:166,3,0,14
BRDA:166,3,1,14
BRDA:181,4,0,9
BRDA:181,4,1,2
BRDA:195,5,0,7
BRDA:195,5,1,2
BRDA:196,6,0,1
BRDA:196,6,1,1
BRDA:200,7,0,1
BRDA:200,7,1,0
BRDA:219,8,0,9
BRDA:219,8,1,8
BRDA:220,9,0,1
BRDA:220,9,1,8
BRF:20
BRH:19
end_of_record
TN:
SF:packages/hydra-bridge/src/bridge.ts
FN:20,(anonymous_0)
FN:21,(anonymous_1)
FN:22,(anonymous_2)
FN:152,constructor
FN:168,(anonymous_4)
FN:171,(anonymous_5)
FN:174,(anonymous_6)
FN:205,(anonymous_7)
FN:225,(anonymous_8)
FN:233,(anonymous_9)
FN:252,setSlotZeroFrom
FN:271,updateSnapshot
FN:305,snapshotUtxoArray
FN:313,getAddressBalance
FN:318,connected
FN:322,connect
FN:325,(anonymous_16)
FN:326,(anonymous_17)
FN:331,(anonymous_18)
FN:341,disconnect
FN:353,(anonymous_20)
FN:354,(anonymous_21)
FN:372,headInfo
FN:382,sendCommand
FN:386,commit
FN:390,submitCardanoTransaction
FN:394,queryRawProtocolParameters
FN:404,getProtocolParameters
FN:420,getRawProtocolParameters
FN:438,pendingDeposits
FN:452,recoverDeposit
FN:460,querySnapshotUtxo
FN:475,addressesInHead
FN:484,commands
FN:486,(anonymous_34)
FN:498,(anonymous_35)
FN:502,(anonymous_36)
FN:510,(anonymous_37)
FN:514,(anonymous_38)
FN:518,(anonymous_39)
FN:522,(anonymous_40)
FN:529,(anonymous_41)
FN:531,(anonymous_42)
FN:540,(anonymous_43)
FN:546,(anonymous_44)
FN:557,initHydraHead
FN:563,(anonymous_46)
FN:574,(anonymous_47)
FN:596,submitTxSync
FN:613,submitL2Tx
FN:622,submitTx
FN:636,decommit
FN:651,(anonymous_52)
FN:660,events
FN:669,queryAddressUTxO
FNF:55
FNH:47
FNDA:0,(anonymous_0)
FNDA:1,(anonymous_1)
FNDA:2,(anonymous_2)
FNDA:69,constructor
FNDA:2,(anonymous_4)
FNDA:0,(anonymous_5)
FNDA:10,(anonymous_6)
FNDA:0,(anonymous_7)
FNDA:4,(anonymous_8)
FNDA:2,(anonymous_9)
FNDA:0,setSlotZeroFrom
FNDA:15,updateSnapshot
FNDA:1,snapshotUtxoArray
FNDA:5,getAddressBalance
FNDA:5,connected
FNDA:2,connect
FNDA:2,(anonymous_16)
FNDA:1,(anonymous_17)
FNDA:1,(anonymous_18)
FNDA:3,disconnect
FNDA:1,(anonymous_20)
FNDA:1,(anonymous_21)
FNDA:1,headInfo
FNDA:17,sendCommand
FNDA:1,commit
FNDA:1,submitCardanoTransaction
FNDA:6,queryRawProtocolParameters
FNDA:6,getProtocolParameters
FNDA:1,getRawProtocolParameters
FNDA:0,pendingDeposits
FNDA:0,recoverDeposit
FNDA:10,querySnapshotUtxo
FNDA:2,addressesInHead
FNDA:18,commands
FNDA:2,(anonymous_34)
FNDA:4,(anonymous_35)
FNDA:1,(anonymous_36)
FNDA:1,(anonymous_37)
FNDA:1,(anonymous_38)
FNDA:1,(anonymous_39)
FNDA:1,(anonymous_40)
FNDA:2,(anonymous_41)
FNDA:1,(anonymous_42)
FNDA:1,(anonymous_43)
FNDA:3,(anonymous_44)
FNDA:3,initHydraHead
FNDA:1,(anonymous_46)
FNDA:2,(anonymous_47)
FNDA:3,submitTxSync
FNDA:0,submitL2Tx
FNDA:0,submitTx
FNDA:2,decommit
FNDA:1,(anonymous_52)
FNDA:1,events
FNDA:3,queryAddressUTxO
DA:19,1
DA:20,1
DA:21,1
DA:22,2
DA:116,69
DA:117,69
DA:124,69
DA:130,69
DA:133,69
DA:135,69
DA:136,69
DA:137,69
DA:138,69
DA:146,69
DA:148,69
DA:149,69
DA:150,69
DA:153,69
DA:154,69
DA:155,66
DA:157,3
DA:164,69
DA:168,69
DA:169,2
DA:170,2
DA:171,2
DA:174,69
DA:175,10
DA:176,3
DA:177,3
DA:181,3
DA:182,0
DA:186,3
DA:187,3
DA:188,3
DA:190,7
DA:192,4
DA:193,4
DA:194,3
DA:195,3
DA:196,3
DA:199,1
DA:201,3
DA:204,1
DA:205,1
DA:207,2
DA:208,0
DA:211,0
DA:212,0
DA:214,2
DA:215,0
DA:216,0
DA:221,69
DA:222,3
DA:223,3
DA:224,3
DA:225,3
DA:226,4
DA:227,4
DA:228,1
DA:229,1
DA:231,3
DA:232,3
DA:233,4
DA:234,2
DA:235,2
DA:253,0
DA:254,0
DA:256,0
DA:257,0
DA:258,0
DA:259,0
DA:272,15
DA:273,15
DA:274,15
DA:277,15
DA:278,24
DA:279,24
DA:280,23
DA:282,24
DA:286,15
DA:287,15
DA:288,24
DA:289,24
DA:290,24
DA:291,23
DA:292,23
DA:294,24
DA:295,24
DA:296,24
DA:306,1
DA:314,5
DA:315,4
DA:319,5
DA:323,2
DA:324,2
DA:325,2
DA:326,2
DA:327,1
DA:328,1
DA:329,1
DA:331,2
DA:332,1
DA:333,1
DA:334,1
DA:336,2
DA:337,2
DA:342,3
DA:344,3
DA:345,3
DA:346,1
DA:347,1
DA:349,3
DA:350,3
DA:351,2
DA:353,1
DA:354,1
DA:355,1
DA:356,1
DA:358,1
DA:373,1
DA:374,1
DA:375,1
DA:383,17
DA:387,1
DA:391,1
DA:395,6
DA:396,6
DA:397,5
DA:399,1
DA:400,1
DA:405,6
DA:406,1
DA:408,5
DA:409,4
DA:421,1
DA:422,0
DA:424,1
DA:439,0
DA:440,0
DA:441,0
DA:443,0
DA:453,0
DA:454,0
DA:455,0
DA:457,0
DA:461,10
DA:462,10
DA:465,9
DA:466,9
DA:468,9
DA:470,1
DA:471,1
DA:477,2
DA:478,1
DA:480,1
DA:481,1
DA:485,18
DA:487,2
DA:499,4
DA:503,1
DA:511,1
DA:515,1
DA:519,1
DA:523,1
DA:530,2
DA:532,1
DA:541,1
DA:546,3
DA:558,3
DA:559,3
DA:562,3
DA:563,3
DA:564,1
DA:565,0
DA:566,0
DA:567,0
DA:571,3
DA:572,3
DA:575,2
DA:578,1
DA:582,1
DA:586,0
DA:592,3
DA:597,3
DA:598,3
DA:599,1
DA:600,1
DA:602,2
DA:614,0
DA:615,0
DA:616,0
DA:618,0
DA:619,0
DA:627,0
DA:628,0
DA:629,0
DA:630,0
DA:631,0
DA:633,0
DA:637,2
DA:647,2
DA:649,2
DA:652,1
DA:653,0
DA:661,1
DA:670,3
DA:671,1
DA:672,1
DA:675,2
DA:676,2
DA:677,3
LF:212
LH:175
BRDA:153,0,0,69
BRDA:153,0,1,3
BRDA:154,1,0,66
BRDA:154,1,1,3
BRDA:175,2,0,3
BRDA:175,2,1,7
BRDA:176,3,0,3
BRDA:176,3,1,0
BRDA:177,4,0,3
BRDA:177,4,1,3
BRDA:181,5,0,0
BRDA:181,5,1,3
BRDA:181,6,0,3
BRDA:181,6,1,0
BRDA:186,7,0,3
BRDA:186,7,1,0
BRDA:186,8,0,3
BRDA:186,8,1,3
BRDA:188,9,0,3
BRDA:188,9,1,0
BRDA:190,10,0,4
BRDA:190,10,1,3
BRDA:192,11,0,4
BRDA:192,11,1,0
BRDA:193,12,0,3
BRDA:193,12,1,1
BRDA:195,13,0,3
BRDA:195,13,1,0
BRDA:199,14,0,1
BRDA:199,14,1,0
BRDA:201,15,0,1
BRDA:201,15,1,2
BRDA:204,16,0,1
BRDA:204,16,1,0
BRDA:207,17,0,0
BRDA:207,17,1,2
BRDA:207,18,0,2
BRDA:207,18,1,2
BRDA:208,19,0,0
BRDA:208,19,1,0
BRDA:212,20,0,0
BRDA:212,20,1,0
BRDA:214,21,0,0
BRDA:214,21,1,2
BRDA:221,22,0,3
BRDA:221,22,1,66
BRDA:223,23,0,3
BRDA:223,23,1,0
BRDA:224,24,0,3
BRDA:224,24,1,2
BRDA:226,25,0,0
BRDA:226,25,1,4
BRDA:227,26,0,1
BRDA:227,26,1,3
BRDA:227,27,0,4
BRDA:227,27,1,2
BRDA:228,28,0,1
BRDA:228,28,1,0
BRDA:232,29,0,3
BRDA:232,29,1,0
BRDA:253,30,0,0
BRDA:253,30,1,0
BRDA:253,31,0,0
BRDA:253,31,1,0
BRDA:254,32,0,0
BRDA:254,32,1,0
BRDA:254,33,0,0
BRDA:254,33,1,0
BRDA:259,34,0,0
BRDA:259,34,1,0
BRDA:260,35,0,0
BRDA:260,35,1,0
BRDA:279,36,0,23
BRDA:279,36,1,1
BRDA:290,37,0,23
BRDA:290,37,1,1
BRDA:295,38,0,24
BRDA:295,38,1,23
BRDA:314,39,0,1
BRDA:314,39,1,4
BRDA:315,40,0,4
BRDA:315,40,1,1
BRDA:323,41,0,2
BRDA:323,41,1,0
BRDA:327,42,0,1
BRDA:327,42,1,0
BRDA:332,43,0,1
BRDA:332,43,1,0
BRDA:342,44,0,3
BRDA:342,44,1,0
BRDA:345,45,0,1
BRDA:345,45,1,2
BRDA:350,46,0,2
BRDA:350,46,1,1
BRDA:355,47,0,1
BRDA:355,47,1,0
BRDA:374,48,0,1
BRDA:374,48,1,0
BRDA:376,49,0,0
BRDA:376,49,1,1
BRDA:376,50,0,1
BRDA:376,50,1,0
BRDA:378,51,0,1
BRDA:378,51,1,1
BRDA:378,52,0,0
BRDA:378,52,1,1
BRDA:378,53,0,1
BRDA:378,53,1,0
BRDA:405,54,0,1
BRDA:405,54,1,5
BRDA:421,55,0,0
BRDA:421,55,1,1
BRDA:440,56,0,0
BRDA:440,56,1,0
BRDA:452,57,0,0
BRDA:454,58,0,0
BRDA:454,58,1,0
BRDA:465,59,0,9
BRDA:465,59,1,0
BRDA:477,60,0,1
BRDA:477,60,1,1
BRDA:486,61,0,2
BRDA:529,62,0,2
BRDA:546,63,0,3
BRDA:546,64,0,3
BRDA:559,65,0,3
BRDA:559,65,1,0
BRDA:564,66,0,0
BRDA:564,66,1,1
BRDA:567,67,0,0
BRDA:567,67,1,0
BRDA:575,68,0,1
BRDA:575,68,1,1
BRDA:578,69,0,1
BRDA:578,69,1,0
BRDA:579,70,0,1
BRDA:579,70,1,1
BRDA:596,71,0,3
BRDA:597,72,0,3
BRDA:597,72,1,0
BRDA:598,73,0,1
BRDA:598,73,1,2
BRDA:613,74,0,0
BRDA:615,75,0,0
BRDA:615,75,1,0
BRDA:618,76,0,0
BRDA:618,76,1,0
BRDA:625,77,0,0
BRDA:627,78,0,0
BRDA:627,78,1,0
BRDA:628,79,0,0
BRDA:628,79,1,0
BRDA:636,80,0,2
BRDA:647,81,0,2
BRDA:647,81,1,0
BRDA:652,82,0,1
BRDA:652,82,1,0
BRDA:652,83,0,1
BRDA:652,83,1,1
BRDA:670,84,0,1
BRDA:670,84,1,2
BRDA:671,85,0,1
BRDA:671,85,1,0
BRDA:676,86,0,2
BRDA:676,86,1,1
BRF:165
BRH:98
end_of_record
TN:
SF:packages/hydra-bridge/src/connector/hexcore.ts
FN:32,(anonymous_0)
FN:34,(anonymous_1)
FN:45,(anonymous_2)
FN:53,(anonymous_3)
FN:61,(anonymous_4)
FN:69,(anonymous_5)
FN:77,(anonymous_6)
FN:85,(anonymous_7)
FN:96,(anonymous_8)
FN:98,(anonymous_9)
FN:112,(anonymous_10)
FN:120,(anonymous_11)
FN:148,submitTx
FN:151,(anonymous_13)
FN:158,(anonymous_14)
FN:162,(anonymous_15)
FN:176,(anonymous_16)
FN:186,(anonymous_17)
FN:198,(anonymous_18)
FN:226,constructor
FN:259,(anonymous_20)
FN:263,(anonymous_21)
FN:267,(anonymous_22)
FN:271,(anonymous_23)
FN:281,connect
FN:286,disconnect
FN:290,connected
FN:294,sendCommand
FNF:28
FNH:16
FNDA:44,(anonymous_0)
FNDA:4,(anonymous_1)
FNDA:2,(anonymous_2)
FNDA:2,(anonymous_3)
FNDA:0,(anonymous_4)
FNDA:0,(anonymous_5)
FNDA:0,(anonymous_6)
FNDA:0,(anonymous_7)
FNDA:45,(anonymous_8)
FNDA:2,(anonymous_9)
FNDA:1,(anonymous_10)
FNDA:4,(anonymous_11)
FNDA:0,submitTx
FNDA:0,(anonymous_13)
FNDA:0,(anonymous_14)
FNDA:0,(anonymous_15)
FNDA:0,(anonymous_16)
FNDA:0,(anonymous_17)
FNDA:0,(anonymous_18)
FNDA:40,constructor
FNDA:1,(anonymous_20)
FNDA:1,(anonymous_21)
FNDA:0,(anonymous_22)
FNDA:1,(anonymous_23)
FNDA:2,connect
FNDA:1,disconnect
FNDA:6,connected
FNDA:4,sendCommand
DA:32,1
DA:33,44
DA:35,4
DA:36,4
DA:37,4
DA:38,1
DA:40,3
DA:42,1
DA:46,2
DA:47,2
DA:48,2
DA:50,0
DA:54,2
DA:55,2
DA:56,2
DA:58,0
DA:62,0
DA:63,0
DA:64,0
DA:66,0
DA:70,0
DA:71,0
DA:72,0
DA:74,0
DA:78,0
DA:79,0
DA:80,0
DA:82,0
DA:86,0
DA:87,0
DA:88,0
DA:90,0
DA:96,1
DA:97,45
DA:99,2
DA:101,2
DA:107,1
DA:109,1
DA:113,1
DA:114,1
DA:115,1
DA:117,0
DA:126,4
DA:127,4
DA:130,3
DA:131,1
DA:138,2
DA:145,1
DA:149,0
DA:152,0
DA:153,0
DA:155,0
DA:159,0
DA:163,0
DA:164,0
DA:169,0
DA:171,0
DA:172,0
DA:173,0
DA:177,0
DA:178,0
DA:181,0
DA:183,0
DA:187,0
DA:188,0
DA:193,0
DA:195,0
DA:199,0
DA:200,0
DA:201,0
DA:203,0
DA:217,40
DA:227,40
DA:228,40
DA:229,1
DA:231,39
DA:238,39
DA:244,40
DA:248,40
DA:250,40
DA:251,40
DA:253,40
DA:259,40
DA:260,1
DA:263,40
DA:264,1
DA:267,40
DA:268,0
DA:271,40
DA:274,1
DA:277,1
DA:282,2
DA:283,2
DA:287,1
DA:291,6
DA:299,4
DA:300,1
DA:302,3
DA:309,3
DA:310,1
LF:100
LH:57
BRDA:37,0,0,1
BRDA:37,0,1,3
BRDA:48,1,0,2
BRDA:48,1,1,1
BRDA:56,2,0,2
BRDA:56,2,1,1
BRDA:64,3,0,0
BRDA:64,3,1,0
BRDA:80,4,0,0
BRDA:80,4,1,0
BRDA:130,5,0,1
BRDA:130,5,1,2
BRDA:152,6,0,0
BRDA:152,6,1,0
BRDA:162,7,0,0
BRDA:169,8,0,0
BRDA:169,8,1,0
BRDA:171,9,0,0
BRDA:171,9,1,0
BRDA:172,10,0,0
BRDA:172,10,1,0
BRDA:172,11,0,0
BRDA:172,11,1,0
BRDA:172,11,2,0
BRDA:176,12,0,0
BRDA:181,13,0,0
BRDA:181,13,1,0
BRDA:186,14,0,0
BRDA:193,15,0,0
BRDA:193,15,1,0
BRDA:198,16,0,0
BRDA:201,17,0,0
BRDA:201,17,1,0
BRDA:228,18,0,1
BRDA:228,18,1,39
BRDA:228,19,0,40
BRDA:228,19,1,39
BRDA:239,20,0,38
BRDA:239,20,1,1
BRDA:248,21,0,40
BRDA:248,21,1,38
BRDA:250,22,0,40
BRDA:250,22,1,38
BRDA:251,23,0,40
BRDA:251,23,1,38
BRDA:255,24,0,40
BRDA:255,24,1,39
BRDA:274,25,0,0
BRDA:274,25,1,1
BRDA:299,26,0,1
BRDA:299,26,1,3
BRDA:309,27,0,1
BRDA:309,27,1,2
BRF:53
BRH:27
end_of_record
TN:
SF:packages/hydra-bridge/src/connector/websocket.ts
FN:23,(anonymous_0)
FN:45,(anonymous_1)
FN:47,(anonymous_2)
FN:58,(anonymous_3)
FN:73,(anonymous_4)
FN:84,(anonymous_5)
FN:94,(anonymous_6)
FN:102,(anonymous_7)
FN:110,(anonymous_8)
FN:125,(anonymous_9)
FN:127,(anonymous_10)
FN:149,(anonymous_11)
FN:161,submitTxSync
FN:164,submitTx
FN:167,(anonymous_14)
FN:168,(anonymous_15)
FN:170,(anonymous_16)
FN:192,(anonymous_17)
FN:202,(anonymous_18)
FN:214,(anonymous_19)
FN:247,constructor
FN:286,networkInfo
FN:308,connect
FN:314,(anonymous_23)
FN:318,(anonymous_24)
FN:321,(anonymous_25)
FN:324,(anonymous_26)
FN:328,disconnect
FN:336,connected
FN:342,sendCommand
FN:358,rawMessageHandler
FN:374,submitTxSync
FN:395,(anonymous_32)
FN:403,(anonymous_33)
FN:427,(anonymous_34)
FNF:35
FNH:19
FNDA:0,(anonymous_0)
FNDA:52,(anonymous_1)
FNDA:4,(anonymous_2)
FNDA:1,(anonymous_3)
FNDA:1,(anonymous_4)
FNDA:0,(anonymous_5)
FNDA:0,(anonymous_6)
FNDA:0,(anonymous_7)
FNDA:0,(anonymous_8)
FNDA:48,(anonymous_9)
FNDA:0,(anonymous_10)
FNDA:0,(anonymous_11)
FNDA:0,submitTxSync
FNDA:0,submitTx
FNDA:0,(anonymous_14)
FNDA:0,(anonymous_15)
FNDA:0,(anonymous_16)
FNDA:0,(anonymous_17)
FNDA:0,(anonymous_18)
FNDA:0,(anonymous_19)
FNDA:50,constructor
FNDA:70,networkInfo
FNDA:16,connect
FNDA:2,(anonymous_23)
FNDA:4,(anonymous_24)
FNDA:1,(anonymous_25)
FNDA:3,(anonymous_26)
FNDA:2,disconnect
FNDA:3,connected
FNDA:7,sendCommand
FNDA:4,rawMessageHandler
FNDA:3,submitTxSync
FNDA:0,(anonymous_32)
FNDA:3,(anonymous_33)
FNDA:1,(anonymous_34)
DA:23,3
DA:34,3
DA:45,3
DA:46,52
DA:48,4
DA:49,4
DA:50,4
DA:51,1
DA:53,3
DA:55,1
DA:59,1
DA:60,1
DA:61,1
DA:62,0
DA:64,1
DA:66,0
DA:67,0
DA:68,0
DA:70,0
DA:74,1
DA:75,1
DA:76,1
DA:77,0
DA:79,1
DA:81,0
DA:85,0
DA:86,0
DA:87,0
DA:90,0
DA:91,0
DA:95,0
DA:96,0
DA:97,0
DA:99,0
DA:103,0
DA:104,0
DA:105,0
DA:107,0
DA:111,0
DA:112,0
DA:113,0
DA:116,0
DA:117,0
DA:119,0
DA:125,3
DA:126,48
DA:128,0
DA:129,0
DA:130,0
DA:131,0
DA:133,0
DA:135,0
DA:137,0
DA:138,0
DA:139,0
DA:141,0
DA:142,0
DA:145,0
DA:146,0
DA:150,0
DA:151,0
DA:152,0
DA:153,0
DA:155,0
DA:157,0
DA:158,0
DA:162,0
DA:165,0
DA:167,0
DA:168,0
DA:171,0
DA:174,0
DA:179,0
DA:184,0
DA:185,0
DA:186,0
DA:188,0
DA:189,0
DA:193,0
DA:194,0
DA:197,0
DA:199,0
DA:203,0
DA:204,0
DA:209,0
DA:211,0
DA:215,0
DA:216,0
DA:217,0
DA:219,0
DA:244,50
DA:245,50
DA:248,50
DA:249,1
DA:254,50
DA:256,50
DA:257,1
DA:259,49
DA:270,49
DA:276,50
DA:282,50
DA:283,50
DA:287,70
DA:292,70
DA:298,70
DA:305,70
DA:309,16
DA:310,1
DA:311,1
DA:313,16
DA:314,16
DA:315,2
DA:316,2
DA:318,16
DA:319,4
DA:321,16
DA:322,1
DA:324,16
DA:325,3
DA:329,2
DA:330,1
DA:331,1
DA:333,1
DA:337,3
DA:338,1
DA:340,2
DA:347,7
DA:348,1
DA:350,6
DA:351,6
DA:352,6
DA:353,6
DA:354,1
DA:359,4
DA:360,4
DA:361,4
DA:364,4
DA:368,4
DA:370,0
DA:375,3
DA:388,3
DA:395,3
DA:396,0
DA:397,0
DA:398,0
DA:401,3
DA:404,3
DA:405,1
DA:406,1
DA:408,2
DA:409,1
DA:413,1
DA:414,0
DA:422,1
DA:423,0
DA:425,1
DA:427,1
DA:429,1
DA:431,0
LF:159
LH:82
BRDA:23,0,0,0
BRDA:23,0,1,0
BRDA:50,1,0,1
BRDA:50,1,1,3
BRDA:61,2,0,0
BRDA:61,2,1,1
BRDA:66,3,0,0
BRDA:66,3,1,0
BRDA:76,4,0,0
BRDA:76,4,1,1
BRDA:90,5,0,0
BRDA:90,5,1,0
BRDA:105,6,0,0
BRDA:105,6,1,0
BRDA:116,7,0,0
BRDA:116,7,1,0
BRDA:116,8,0,0
BRDA:116,8,1,0
BRDA:130,9,0,0
BRDA:130,9,1,0
BRDA:135,10,0,0
BRDA:135,10,1,0
BRDA:135,11,0,0
BRDA:135,11,1,0
BRDA:152,12,0,0
BRDA:152,12,1,0
BRDA:161,13,0,0
BRDA:164,14,0,0
BRDA:170,15,0,0
BRDA:185,16,0,0
BRDA:185,16,1,0
BRDA:185,17,0,0
BRDA:185,17,1,0
BRDA:185,17,2,0
BRDA:188,18,0,0
BRDA:188,18,1,0
BRDA:192,19,0,0
BRDA:202,20,0,0
BRDA:214,21,0,0
BRDA:248,22,0,1
BRDA:248,22,1,49
BRDA:256,23,0,1
BRDA:256,23,1,49
BRDA:256,24,0,50
BRDA:256,24,1,49
BRDA:270,25,0,3
BRDA:270,25,1,46
BRDA:282,26,0,50
BRDA:282,26,1,48
BRDA:283,27,0,50
BRDA:283,27,1,48
BRDA:288,28,0,5
BRDA:288,28,1,65
BRDA:289,29,0,70
BRDA:289,29,1,3
BRDA:290,30,0,5
BRDA:290,30,1,65
BRDA:293,31,0,1
BRDA:293,31,1,69
BRDA:299,32,0,1
BRDA:299,32,1,69
BRDA:309,33,0,1
BRDA:309,33,1,15
BRDA:329,34,0,1
BRDA:329,34,1,1
BRDA:337,35,0,1
BRDA:337,35,1,2
BRDA:347,36,0,1
BRDA:347,36,1,6
BRDA:353,37,0,1
BRDA:353,37,1,5
BRDA:364,38,0,0
BRDA:364,38,1,4
BRDA:374,39,0,3
BRDA:396,40,0,0
BRDA:396,40,1,0
BRDA:404,41,0,1
BRDA:404,41,1,2
BRDA:404,42,0,3
BRDA:404,42,1,1
BRDA:408,43,0,1
BRDA:408,43,1,1
BRDA:408,44,0,2
BRDA:408,44,1,1
BRDA:413,45,0,0
BRDA:413,45,1,1
BRDA:413,46,0,1
BRDA:413,46,1,0
BRDA:422,47,0,0
BRDA:422,47,1,1
BRDA:422,48,0,1
BRDA:422,48,1,0
BRDA:425,49,0,1
BRDA:425,49,1,0
BRDA:426,50,0,1
BRDA:426,50,1,1
BRF:96
BRH:53
end_of_record
TN:
SF:packages/hydra-bridge/src/utils/await-hydra-message.ts
FN:18,awaitHydraMessage
FN:24,(anonymous_1)
FN:26,(anonymous_2)
FN:32,(anonymous_3)
FN:36,(anonymous_4)
FN:38,(anonymous_5)
FN:43,(anonymous_6)
FN:43,(anonymous_7)
FNF:8
FNH:8
FNDA:20,awaitHydraMessage
FNDA:20,(anonymous_1)
FNDA:20,(anonymous_2)
FNDA:18,(anonymous_3)
FNDA:10,(anonymous_4)
FNDA:4,(anonymous_5)
FNDA:6,(anonymous_6)
FNDA:6,(anonymous_7)
DA:24,20
DA:26,20
DA:27,20
DA:28,20
DA:29,20
DA:32,20
DA:33,18
DA:34,18
DA:35,14
DA:36,10
DA:38,4
DA:42,20
DA:43,6
DA:47,20
LF:14
LH:14
BRDA:21,0,0,20
BRDA:22,1,0,20
BRDA:34,2,0,4
BRDA:34,2,1,14
BRDA:35,3,0,10
BRDA:35,3,1,4
BRF:6
BRH:6
end_of_record
TN:
SF:packages/hydra-bridge/src/utils/haskell-deserialize.ts
FN:1,(anonymous_0)
FN:33,deserializeHaskellErrorToJson
FN:35,(anonymous_2)
FN:41,(anonymous_3)
FNF:4
FNH:4
FNDA:4,(anonymous_0)
FNDA:29,deserializeHaskellErrorToJson
FNDA:27,(anonymous_2)
FNDA:4,(anonymous_3)
DA:1,4
DA:2,4
DA:3,4
DA:4,4
DA:5,4
DA:6,4
DA:7,4
DA:8,4
DA:9,4
DA:10,4
DA:11,4
DA:12,4
DA:13,4
DA:14,4
DA:15,4
DA:16,4
DA:17,4
DA:35,29
DA:36,27
DA:37,27
DA:41,29
DA:42,4
DA:43,4
DA:47,29
DA:48,29
DA:50,29
DA:53,29
DA:55,2
DA:56,2
DA:58,2
DA:59,1
DA:60,1
DA:61,1
DA:63,1
DA:64,1
DA:65,1
DA:66,1
DA:68,1
DA:69,1
DA:82,2
DA:86,4
DA:87,4
DA:88,4
DA:89,4
DA:90,4
DA:91,4
DA:92,4
DA:99,6
DA:102,2
DA:103,2
DA:104,2
DA:113,5
DA:119,3
DA:120,3
DA:121,3
DA:125,3
DA:126,3
DA:127,3
DA:128,3
DA:129,3
DA:133,4
DA:134,4
DA:138,29
LF:63
LH:63
BRDA:1,0,0,4
BRDA:1,0,1,4
BRDA:37,1,0,14
BRDA:37,1,1,13
BRDA:43,2,0,2
BRDA:43,2,1,2
BRDA:48,3,0,27
BRDA:48,3,1,2
BRDA:53,4,0,2
BRDA:53,4,1,4
BRDA:53,4,2,4
BRDA:53,4,3,5
BRDA:53,4,4,6
BRDA:53,4,5,2
BRDA:53,4,6,1
BRDA:53,4,7,2
BRDA:53,4,8,3
BRDA:53,4,9,4
BRDA:53,4,10,5
BRDA:53,4,11,1
BRDA:53,4,12,2
BRDA:53,4,13,3
BRDA:53,4,14,3
BRDA:53,4,15,4
BRDA:58,5,0,1
BRDA:58,5,1,1
BRDA:61,6,0,0
BRDA:61,6,1,1
BRDA:66,7,0,0
BRDA:66,7,1,1
BRDA:87,8,0,4
BRDA:87,8,1,3
BRDA:88,9,0,4
BRDA:88,9,1,3
BRF:34
BRH:32
end_of_record
TN:
SF:packages/hydra-bridge/src/utils/url-builder.ts
FN:9,buildUrl
FN:34,(anonymous_1)
FNF:2
FNH:2
FNDA:207,buildUrl
FNDA:27,(anonymous_1)
DA:2,4
DA:22,207
DA:26,207
DA:27,147
DA:30,207
DA:31,186
DA:34,207
DA:35,27
DA:38,207
LF:9
LH:9
BRDA:10,0,0,207
BRDA:13,1,0,207
BRDA:14,2,0,207
BRDA:26,3,0,147
BRDA:26,3,1,60
BRDA:26,4,0,207
BRDA:26,4,1,194
BRDA:30,5,0,186
BRDA:30,5,1,21
BRDA:31,6,0,185
BRDA:31,6,1,1
BRF:11
BRH:11
end_of_record
TN:
SF:packages/hydra-bridge/src/utils/url-parser.ts
FN:26,parseUrl
FNF:1
FNH:1
FNDA:135,parseUrl
DA:2,4
DA:3,4
DA:4,4
DA:28,135
DA:29,3
DA:32,132
DA:35,132
DA:36,132
DA:38,5
DA:41,132
DA:42,132
DA:45,132
DA:46,2
DA:50,125
DA:51,0
DA:55,125
DA:57,135
DA:67,5
LF:18
LH:17
BRDA:28,0,0,3
BRDA:28,0,1,132
BRDA:28,1,0,135
BRDA:28,1,1,133
BRDA:36,2,0,5
BRDA:36,2,1,127
BRDA:45,3,0,2
BRDA:45,3,1,130
BRDA:50,4,0,0
BRDA:50,4,1,125
BRDA:55,5,0,125
BRDA:55,5,1,0
BRDA:61,6,0,135
BRDA:61,6,1,50
BRF:14
BRH:12
end_of_record
TN:
SF:packages/hydra-transaction/src/utils/bigint.utils.ts
FN:9,bigIntReplacer
FN:20,bigIntReviver
FN:71,convertBigIntToString
FN:99,convertStringToBigInt
FN:105,(anonymous_4)
FN:126,safeStringify
FN:133,safeParse
FN:141,transformForApiResponse
FN:144,collectBigIntFields
FN:155,(anonymous_9)
FN:182,createBigIntConverter
FN:184,(anonymous_11)
FN:192,hasBigIntValues
FN:215,needsBigIntConversion
FN:222,exampleUsage
FNF:15
FNH:14
FNDA:33,bigIntReplacer
FNDA:37,bigIntReviver
FNDA:45,convertBigIntToString
FNDA:15,convertStringToBigInt
FNDA:2,(anonymous_4)
FNDA:6,safeStringify
FNDA:5,safeParse
FNDA:8,transformForApiResponse
FNDA:19,collectBigIntFields
FNDA:2,(anonymous_9)
FNDA:2,createBigIntConverter
FNDA:1,(anonymous_11)
FNDA:26,hasBigIntValues
FNDA:3,needsBigIntConversion
FNDA:0,exampleUsage
DA:10,33
DA:11,16
DA:13,17
DA:21,37
DA:22,19
DA:23,19
DA:24,16
DA:27,21
DA:42,11
DA:72,45
DA:73,2
DA:76,43
DA:77,17
DA:80,26
DA:81,4
DA:84,22
DA:85,12
DA:86,12
DA:87,21
DA:89,12
DA:92,10
DA:100,15
DA:101,2
DA:104,13
DA:105,2
DA:108,12
DA:109,6
DA:110,6
DA:111,9
DA:112,4
DA:114,5
DA:117,6
DA:120,6
DA:127,6
DA:134,5
DA:142,8
DA:145,19
DA:146,2
DA:149,17
DA:150,5
DA:151,5
DA:154,12
DA:155,2
DA:158,11
DA:159,7
DA:160,7
DA:161,9
DA:162,9
DA:164,7
DA:167,4
DA:170,8
DA:172,8
DA:183,2
DA:184,1
DA:193,26
DA:194,2
DA:197,24
DA:198,6
DA:201,18
DA:202,2
DA:205,16
DA:206,7
DA:209,9
DA:216,3
DA:223,0
DA:234,0
DA:247,0
LF:67
LH:64
BRDA:10,0,0,16
BRDA:10,0,1,17
BRDA:21,1,0,19
BRDA:21,1,1,18
BRDA:21,2,0,37
BRDA:21,2,1,23
BRDA:23,3,0,16
BRDA:23,3,1,3
BRDA:72,4,0,2
BRDA:72,4,1,43
BRDA:72,5,0,45
BRDA:72,5,1,44
BRDA:76,6,0,17
BRDA:76,6,1,26
BRDA:80,7,0,4
BRDA:80,7,1,22
BRDA:84,8,0,12
BRDA:84,8,1,10
BRDA:99,9,0,15
BRDA:100,10,0,2
BRDA:100,10,1,13
BRDA:100,11,0,15
BRDA:100,11,1,14
BRDA:104,12,0,1
BRDA:104,12,1,12
BRDA:108,13,0,6
BRDA:108,13,1,6
BRDA:111,14,0,4
BRDA:111,14,1,5
BRDA:111,15,0,9
BRDA:111,15,1,5
BRDA:111,15,2,5
BRDA:144,16,0,19
BRDA:145,17,0,2
BRDA:145,17,1,17
BRDA:145,18,0,19
BRDA:145,18,1,18
BRDA:149,19,0,5
BRDA:149,19,1,12
BRDA:150,20,0,5
BRDA:150,20,1,0
BRDA:154,21,0,1
BRDA:154,21,1,11
BRDA:155,22,0,2
BRDA:155,22,1,0
BRDA:158,23,0,7
BRDA:158,23,1,4
BRDA:161,24,0,1
BRDA:161,24,1,8
BRDA:174,25,0,8
BRDA:174,25,1,4
BRDA:193,26,0,2
BRDA:193,26,1,24
BRDA:193,27,0,26
BRDA:193,27,1,25
BRDA:197,28,0,6
BRDA:197,28,1,18
BRDA:201,29,0,2
BRDA:201,29,1,16
BRDA:205,30,0,7
BRDA:205,30,1,9
BRF:61
BRH:59
end_of_record
TN:
SF:packages/hydra-transaction/src/utils/datum-builder.ts
FN:9,datumBuilder
FNF:1
FNH:1
FNDA:2,datumBuilder
DA:10,2
DA:12,2
LF:2
LH:2
BRF:0
BRH:0
end_of_record
TN:
SF:packages/hydra-transaction/src/utils/metadata.ts
FN:3,(anonymous_0)
FN:17,(anonymous_1)
FN:26,(anonymous_2)
FN:31,(anonymous_3)
FN:41,(anonymous_4)
FNF:5
FNH:4
FNDA:128,(anonymous_0)
FNDA:25,(anonymous_1)
FNDA:2,(anonymous_2)
FNDA:33,(anonymous_3)
FNDA:0,(anonymous_4)
DA:3,11
DA:6,128
DA:7,4
DA:8,124
DA:9,66
DA:10,58
DA:11,17
DA:12,41
DA:13,1
DA:14,40
DA:16,14
DA:17,14
DA:18,25
DA:20,14
DA:21,26
DA:23,26
DA:24,26
DA:26,1
DA:27,2
DA:31,25
DA:32,33
DA:35,26
DA:37,0
DA:41,11
DA:42,0
DA:43,0
DA:45,0
DA:46,0
DA:47,0
DA:50,0
LF:30
LH:23
BRDA:6,0,0,4
BRDA:6,0,1,124
BRDA:8,1,0,66
BRDA:8,1,1,58
BRDA:10,2,0,17
BRDA:10,2,1,41
BRDA:12,3,0,1
BRDA:12,3,1,40
BRDA:14,4,0,14
BRDA:14,4,1,26
BRDA:21,5,0,26
BRDA:21,5,1,0
BRDA:21,6,0,26
BRDA:21,6,1,26
BRDA:24,7,0,1
BRDA:24,7,1,25
BRDA:42,8,0,0
BRDA:42,8,1,0
BRDA:46,9,0,0
BRDA:46,9,1,0
BRF:20
BRH:15
end_of_record
TN:
SF:packages/hydra-transaction/src/utils/redeemer-builder.ts
FN:6,(anonymous_0)
FN:38,buildRedeemer
FN:53,(anonymous_2)
FN:71,emptyRedeemer
FNF:4
FNH:4
FNDA:38,(anonymous_0)
FNDA:15,buildRedeemer
FNDA:16,(anonymous_2)
FNDA:23,emptyRedeemer
DA:6,11
DA:7,38
DA:9,28
DA:11,5
DA:13,1
DA:15,1
DA:17,1
DA:19,1
DA:21,1
DA:49,15
DA:51,15
DA:53,15
DA:54,16
DA:57,15
DA:58,15
DA:59,15
DA:60,15
DA:69,15
DA:80,23
DA:81,23
DA:83,23
DA:85,23
DA:87,12
DA:88,12
DA:90,2
DA:91,2
DA:93,1
DA:94,1
DA:96,1
DA:97,1
DA:99,6
DA:100,6
DA:101,6
DA:103,1
DA:106,22
DA:115,23
LF:36
LH:36
BRDA:7,0,0,28
BRDA:7,0,1,5
BRDA:7,0,2,1
BRDA:7,0,3,1
BRDA:7,0,4,1
BRDA:7,0,5,1
BRDA:7,0,6,1
BRDA:49,1,0,15
BRDA:49,1,1,7
BRDA:59,2,0,15
BRDA:59,2,1,12
BRDA:65,3,0,15
BRDA:65,3,1,13
BRDA:66,4,0,15
BRDA:66,4,1,13
BRDA:80,5,0,23
BRDA:80,5,1,18
BRDA:81,6,0,23
BRDA:81,6,1,20
BRDA:83,7,0,23
BRDA:83,7,1,6
BRDA:85,8,0,12
BRDA:85,8,1,2
BRDA:85,8,2,1
BRDA:85,8,3,1
BRDA:85,8,4,6
BRDA:85,8,5,1
BRDA:111,9,0,22
BRDA:111,9,1,20
BRDA:112,10,0,23
BRDA:112,10,1,20
BRF:31
BRH:31
end_of_record
